tol=2.0e-01, sigma=0.0, host=unkno, nav=1024, nbrs=2, l_nlarea=1.000, l_dist=1.000
using quadratic fit line minimization

3: 12 | 4: 12 | 5: 12 | 6: 12 | 7: 12 | 
nlarea/dist = 1000000.000
000: dt: 0.00, sse: 127827.5 (1.238, 72.4, 4.905), neg: 96447 (%38.173:%36.74), avgs: 1024
001: dt: 273.59, sse: 48784.3 (0.864, 68.0, 4.239), neg: 85966 (%20.151:%32.62), avgs: 1024
002: dt: 229.84, sse: 27357.7 (0.704, 65.7, 4.031), neg: 81890 (%13.154:%30.64), avgs: 1024
003: dt: 333.19, sse: 22687.7 (0.666, 63.9, 3.949), neg: 79234 (%11.215:%28.80), avgs: 1024
004: dt: 337.73, sse: 21034.5 (0.645, 64.5, 3.890), neg: 86208 (%10.404:%31.53), avgs: 1024
005: dt: 78.77, sse: 20997.5 (0.642, 64.8, 3.879), neg: 87776 (%10.387:%32.09), avgs: 1024
006: dt: 94.25, sse: 18982.4 (0.631, 64.5, 3.859), neg: 82481 (%9.098:%29.58), avgs: 256
007: dt: 40.77, sse: 18435.7 (0.629, 64.7, 3.853), neg: 84748 (%8.714:%30.19), avgs: 256
008: dt: 53.07, sse: 18244.0 (0.627, 64.9, 3.848), neg: 86961 (%8.511:%31.00), avgs: 256
009: dt: 37.51, sse: 18119.7 (0.626, 65.0, 3.844), neg: 87223 (%8.411:%31.08), avgs: 256
010: dt: 65.27, sse: 17932.7 (0.624, 65.0, 3.838), neg: 88689 (%8.237:%31.62), avgs: 256
011: dt: 22.46, sse: 17863.4 (0.623, 65.1, 3.837), neg: 90054 (%8.154:%32.12), avgs: 256
012: dt: 247.39, sse: 17602.5 (0.618, 65.9, 3.819), neg: 96447 (%7.832:%34.64), avgs: 256
013: dt: 61.81, sse: 17535.6 (0.616, 65.8, 3.815), neg: 95732 (%7.789:%34.35), avgs: 256
014: dt: 48.40, sse: 17422.9 (0.614, 65.9, 3.811), neg: 96020 (%7.686:%34.48), avgs: 256
015: dt: 19.45, sse: 17393.9 (0.614, 65.9, 3.810), neg: 96529 (%7.645:%34.68), avgs: 256
016: dt: 32.02, sse: 16596.5 (0.610, 65.5, 3.806), neg: 92452 (%7.151:%33.04), avgs: 64
017: dt: 11.09, sse: 16239.2 (0.609, 65.5, 3.805), neg: 94102 (%6.823:%33.68), avgs: 64
018: dt: 7.61, sse: 16155.4 (0.609, 65.7, 3.805), neg: 95793 (%6.748:%34.32), avgs: 64
019: dt: 27.47, sse: 15990.4 (0.608, 65.4, 3.804), neg: 93458 (%6.628:%33.42), avgs: 64
020: dt: 6.72, sse: 15861.7 (0.607, 65.6, 3.804), neg: 95417 (%6.487:%34.18), avgs: 64
021: dt: 21.76, sse: 15742.4 (0.607, 65.3, 3.804), neg: 92964 (%6.413:%33.20), avgs: 64
022: dt: 6.00, sse: 15650.6 (0.606, 65.5, 3.803), neg: 94830 (%6.291:%33.91), avgs: 64
023: dt: 36.14, sse: 15525.0 (0.606, 65.2, 3.803), neg: 91998 (%6.215:%32.79), avgs: 64
024: dt: 5.83, sse: 15415.1 (0.605, 65.4, 3.803), neg: 93723 (%6.066:%33.40), avgs: 64
025: dt: 31.57, sse: 15311.4 (0.605, 65.1, 3.803), neg: 91514 (%6.015:%32.58), avgs: 64
026: dt: 5.57, sse: 15228.0 (0.604, 65.2, 3.803), neg: 92911 (%5.883:%33.04), avgs: 64
027: dt: 32.72, sse: 15162.4 (0.604, 65.1, 3.803), neg: 91198 (%5.847:%32.42), avgs: 64
028: dt: 6.20, sse: 15088.9 (0.603, 65.1, 3.803), neg: 91847 (%5.749:%32.56), avgs: 64
029: dt: 16.27, sse: 15041.0 (0.603, 65.0, 3.803), neg: 90914 (%5.722:%32.28), avgs: 64
030: dt: 6.34, sse: 15002.6 (0.603, 65.1, 3.803), neg: 91412 (%5.662:%32.37), avgs: 64
031: dt: 14.15, sse: 14968.8 (0.603, 65.0, 3.803), neg: 90676 (%5.639:%32.15), avgs: 64
032: dt: 6.73, sse: 14937.2 (0.602, 65.0, 3.803), neg: 90959 (%5.597:%32.16), avgs: 64
033: dt: 13.69, sse: 14904.6 (0.602, 65.0, 3.803), neg: 90246 (%5.574:%31.95), avgs: 64
034: dt: 7.77, sse: 14875.9 (0.602, 65.0, 3.803), neg: 90267 (%5.539:%31.88), avgs: 64
035: dt: 7.38, sse: 14850.3 (0.602, 65.0, 3.803), neg: 90456 (%5.508:%31.98), avgs: 64
036: dt: 14.81, sse: 14820.1 (0.601, 64.9, 3.803), neg: 89569 (%5.490:%31.60), avgs: 64
037: dt: 6.45, sse: 14791.5 (0.601, 64.9, 3.803), neg: 90018 (%5.449:%31.78), avgs: 64
038: dt: 15.51, sse: 14762.1 (0.601, 64.9, 3.803), neg: 89078 (%5.432:%31.38), avgs: 64
039: dt: 6.37, sse: 14734.3 (0.601, 64.9, 3.803), neg: 89541 (%5.391:%31.57), avgs: 64
040: dt: 15.66, sse: 14706.3 (0.600, 64.9, 3.803), neg: 88594 (%5.375:%31.17), avgs: 64
041: dt: 5.86, sse: 14680.3 (0.600, 64.9, 3.803), neg: 89041 (%5.335:%31.33), avgs: 64
042: dt: 26.73, sse: 14642.5 (0.600, 64.8, 3.804), neg: 87605 (%5.321:%30.78), avgs: 64
043: dt: 5.45, sse: 14605.7 (0.600, 64.8, 3.804), neg: 88378 (%5.258:%31.04), avgs: 64
044: dt: 30.64, sse: 14566.4 (0.599, 64.7, 3.804), neg: 86892 (%5.246:%30.48), avgs: 64
045: dt: 5.42, sse: 14528.6 (0.599, 64.8, 3.804), neg: 87701 (%5.178:%30.74), avgs: 64
046: dt: 8.42, sse: 14257.5 (0.598, 64.6, 3.804), neg: 85898 (%5.009:%30.06), avgs: 16
047: dt: 3.32, sse: 14093.2 (0.597, 64.6, 3.804), neg: 86543 (%4.846:%30.32), avgs: 16
048: dt: 2.09, sse: 14042.2 (0.597, 64.6, 3.804), neg: 87348 (%4.778:%30.56), avgs: 16
049: dt: 4.68, sse: 13989.0 (0.597, 64.5, 3.804), neg: 86411 (%4.755:%30.21), avgs: 16
050: dt: 1.65, sse: 13938.3 (0.597, 64.6, 3.805), neg: 87146 (%4.679:%30.48), avgs: 16
051: dt: 3.62, sse: 13899.3 (0.597, 64.5, 3.805), neg: 86153 (%4.665:%30.10), avgs: 16
052: dt: 1.71, sse: 13857.1 (0.597, 64.5, 3.805), neg: 86684 (%4.604:%30.30), avgs: 16
053: dt: 2.96, sse: 13825.5 (0.596, 64.5, 3.805), neg: 85893 (%4.589:%29.98), avgs: 16
054: dt: 1.92, sse: 13789.5 (0.596, 64.5, 3.805), neg: 86168 (%4.542:%30.10), avgs: 16
055: dt: 2.39, sse: 13762.1 (0.596, 64.4, 3.805), neg: 85732 (%4.523:%29.90), avgs: 16
056: dt: 2.28, sse: 13729.5 (0.596, 64.4, 3.805), neg: 85649 (%4.487:%29.90), avgs: 16
057: dt: 1.94, sse: 13703.8 (0.596, 64.4, 3.805), neg: 85616 (%4.463:%29.83), avgs: 16
058: dt: 2.96, sse: 13671.5 (0.596, 64.3, 3.805), neg: 85109 (%4.437:%29.70), avgs: 16
059: dt: 1.60, sse: 13644.5 (0.596, 64.3, 3.805), neg: 85442 (%4.403:%29.74), avgs: 16
060: dt: 4.50, sse: 13606.2 (0.596, 64.3, 3.806), neg: 84473 (%4.383:%29.46), avgs: 16
061: dt: 1.36, sse: 13573.4 (0.596, 64.3, 3.806), neg: 85105 (%4.332:%29.59), avgs: 16
062: dt: 9.68, sse: 13507.1 (0.595, 64.1, 3.806), neg: 83330 (%4.306:%29.01), avgs: 16
063: dt: 1.21, sse: 13450.7 (0.595, 64.2, 3.806), neg: 84230 (%4.210:%29.22), avgs: 16
064: dt: 103.25, sse: 12860.9 (0.594, 63.1, 3.812), neg: 73599 (%3.743:%25.18), avgs: 16
065: dt: 1.46, sse: 12513.3 (0.593, 63.0, 3.812), neg: 73754 (%3.282:%25.00), avgs: 16
066: dt: 3.31, sse: 12486.4 (0.592, 63.0, 3.812), neg: 73097 (%3.263:%24.77), avgs: 16
067: dt: 1.90, sse: 12465.6 (0.592, 63.0, 3.812), neg: 73115 (%3.237:%24.71), avgs: 16
068: dt: 3.55, sse: 12446.9 (0.592, 63.0, 3.812), neg: 72733 (%3.231:%24.61), avgs: 16
069: dt: 1.59, sse: 12430.0 (0.592, 63.0, 3.812), neg: 72984 (%3.206:%24.64), avgs: 16
070: dt: 6.41, sse: 12405.6 (0.592, 62.9, 3.812), neg: 72215 (%3.204:%24.40), avgs: 16
071: dt: 0.77, sse: 12388.2 (0.592, 62.9, 3.812), neg: 72444 (%3.169:%24.43), avgs: 16
072: dt: 2.80, sse: 12375.7 (0.592, 62.9, 3.812), neg: 72067 (%3.165:%24.29), avgs: 16
073: dt: 2.15, sse: 12361.5 (0.592, 62.9, 3.812), neg: 72125 (%3.146:%24.29), avgs: 16
074: dt: 2.48, sse: 12349.8 (0.592, 62.9, 3.812), neg: 71879 (%3.140:%24.20), avgs: 16
075: dt: 2.43, sse: 12336.1 (0.592, 62.9, 3.813), neg: 71774 (%3.125:%24.16), avgs: 16
076: dt: 1.76, sse: 12241.2 (0.591, 62.8, 3.813), neg: 71588 (%3.067:%24.09), avgs: 4
077: dt: 0.56, sse: 12180.7 (0.591, 62.8, 3.813), neg: 72190 (%2.971:%24.24), avgs: 4
078: dt: 3.33, sse: 12092.7 (0.591, 62.7, 3.813), neg: 70727 (%2.954:%23.80), avgs: 4
079: dt: 0.22, sse: 12039.8 (0.591, 62.7, 3.813), neg: 70870 (%2.873:%23.81), avgs: 4
080: dt: 0.78, sse: 12013.3 (0.591, 62.6, 3.813), neg: 70685 (%2.843:%23.72), avgs: 4
081: dt: 0.51, sse: 11985.2 (0.591, 62.6, 3.813), neg: 70675 (%2.803:%23.68), avgs: 4
082: dt: 0.36, sse: 11970.5 (0.591, 62.6, 3.813), neg: 70823 (%2.785:%23.71), avgs: 4
083: dt: 35.08, sse: 11491.6 (0.591, 61.5, 3.816), neg: 61420 (%2.616:%20.47), avgs: 4
084: dt: 0.14, sse: 11371.9 (0.590, 61.4, 3.816), neg: 61284 (%2.495:%20.39), avgs: 4
085: dt: 0.65, sse: 11217.6 (0.589, 61.3, 3.816), neg: 60773 (%2.331:%20.20), avgs: 4
086: dt: 0.47, sse: 11147.6 (0.589, 61.3, 3.816), neg: 60532 (%2.231:%20.05), avgs: 4
087: dt: 0.59, sse: 11121.2 (0.589, 61.3, 3.816), neg: 60322 (%2.200:%19.95), avgs: 4
088: dt: 0.29, sse: 11106.8 (0.589, 61.2, 3.816), neg: 60327 (%2.178:%19.91), avgs: 4
089: dt: 8.76, sse: 10954.7 (0.588, 60.9, 3.817), neg: 57760 (%2.120:%19.02), avgs: 4
090: dt: 0.43, sse: 10903.6 (0.588, 60.9, 3.817), neg: 57179 (%2.036:%18.76), avgs: 4
091: dt: 1.55, sse: 10867.0 (0.588, 60.8, 3.817), neg: 56555 (%1.997:%18.50), avgs: 4
092: dt: 0.58, sse: 10849.7 (0.588, 60.8, 3.817), neg: 56456 (%1.967:%18.44), avgs: 4
093: dt: 0.78, sse: 10838.4 (0.588, 60.7, 3.817), neg: 56212 (%1.960:%18.34), avgs: 4
094: dt: 0.32, sse: 10829.8 (0.588, 60.7, 3.817), neg: 56075 (%1.943:%18.26), avgs: 4
095: dt: 22.22, sse: 10670.2 (0.588, 60.3, 3.818), neg: 52095 (%1.930:%16.86), avgs: 4
096: dt: 0.18, sse: 10599.7 (0.588, 60.3, 3.818), neg: 51786 (%1.838:%16.71), avgs: 4
097: dt: 0.23, sse: 10560.3 (0.588, 60.3, 3.818), neg: 51513 (%1.773:%16.57), avgs: 4
098: dt: 0.56, sse: 10531.0 (0.587, 60.2, 3.818), neg: 50999 (%1.728:%16.35), avgs: 4
099: dt: 1.57, sse: 10503.3 (0.587, 60.2, 3.818), neg: 50422 (%1.722:%16.18), avgs: 4
