tol=2.0e-01, sigma=0.0, host=unkno, nav=1024, nbrs=2, l_nlarea=1.000, l_dist=1.000
using quadratic fit line minimization

3: 12 | 4: 12 | 5: 12 | 6: 12 | 7: 12 | 
nlarea/dist = 1000000.000
000: dt: 0.00, sse: 127827.5 (1.238, 72.4, 4.905), neg: 96447 (%38.173:%36.74), avgs: 1024
001: dt: 273.59, sse: 48784.2 (0.864, 68.0, 4.239), neg: 85966 (%20.151:%32.62), avgs: 1024
002: dt: 229.84, sse: 27357.6 (0.704, 65.7, 4.031), neg: 81889 (%13.154:%30.64), avgs: 1024
003: dt: 333.48, sse: 22687.3 (0.666, 63.9, 3.949), neg: 79237 (%11.214:%28.80), avgs: 1024
004: dt: 338.68, sse: 21033.8 (0.645, 64.5, 3.889), neg: 86228 (%10.404:%31.54), avgs: 1024
005: dt: 96.00, sse: 20997.8 (0.642, 64.8, 3.876), neg: 87941 (%10.389:%32.15), avgs: 1024
006: dt: 96.96, sse: 18950.8 (0.631, 64.5, 3.855), neg: 82659 (%9.081:%29.69), avgs: 256
007: dt: 40.97, sse: 18400.7 (0.628, 64.7, 3.850), neg: 85021 (%8.688:%30.29), avgs: 256
008: dt: 49.68, sse: 18233.5 (0.626, 64.9, 3.845), neg: 87337 (%8.495:%31.17), avgs: 256
009: dt: 44.62, sse: 18113.2 (0.625, 65.0, 3.841), neg: 87539 (%8.404:%31.21), avgs: 256
010: dt: 53.96, sse: 17946.2 (0.623, 65.0, 3.836), neg: 88988 (%8.243:%31.75), avgs: 256
011: dt: 23.57, sse: 17881.4 (0.623, 65.2, 3.834), neg: 90065 (%8.167:%32.13), avgs: 256
012: dt: 244.57, sse: 17598.8 (0.617, 65.8, 3.817), neg: 95641 (%7.842:%34.32), avgs: 256
013: dt: 18.91, sse: 17566.1 (0.617, 65.9, 3.815), neg: 96448 (%7.801:%34.64), avgs: 256
014: dt: 30.26, sse: 16732.3 (0.613, 65.5, 3.811), neg: 92228 (%7.278:%32.96), avgs: 64
015: dt: 9.80, sse: 16385.1 (0.612, 65.6, 3.810), neg: 93931 (%6.980:%33.66), avgs: 64
016: dt: 8.04, sse: 16285.4 (0.611, 65.6, 3.810), neg: 95161 (%6.886:%34.12), avgs: 64
017: dt: 13.69, sse: 16170.9 (0.611, 65.6, 3.809), neg: 94459 (%6.806:%33.88), avgs: 64
018: dt: 7.66, sse: 16077.6 (0.610, 65.6, 3.809), neg: 94781 (%6.711:%33.97), avgs: 64
019: dt: 10.07, sse: 15989.0 (0.610, 65.5, 3.809), neg: 94557 (%6.638:%33.90), avgs: 64
020: dt: 8.35, sse: 15916.4 (0.610, 65.5, 3.808), neg: 94530 (%6.567:%33.85), avgs: 64
021: dt: 10.22, sse: 15842.3 (0.609, 65.5, 3.808), neg: 94165 (%6.507:%33.74), avgs: 64
022: dt: 8.00, sse: 15775.7 (0.609, 65.4, 3.808), neg: 94276 (%6.437:%33.72), avgs: 64
023: dt: 9.90, sse: 15711.3 (0.609, 65.4, 3.808), neg: 93910 (%6.383:%33.62), avgs: 64
024: dt: 9.91, sse: 15654.0 (0.609, 65.4, 3.808), neg: 93487 (%6.334:%33.41), avgs: 64
025: dt: 7.82, sse: 15594.3 (0.608, 65.3, 3.807), neg: 93758 (%6.269:%33.53), avgs: 64
026: dt: 9.53, sse: 15540.3 (0.608, 65.3, 3.807), neg: 93393 (%6.219:%33.33), avgs: 64
027: dt: 11.48, sse: 15494.8 (0.608, 65.2, 3.807), neg: 92833 (%6.189:%33.15), avgs: 64
028: dt: 6.91, sse: 15434.1 (0.607, 65.3, 3.807), neg: 93190 (%6.113:%33.20), avgs: 64
029: dt: 14.44, sse: 15388.0 (0.607, 65.2, 3.807), neg: 92268 (%6.089:%32.91), avgs: 64
030: dt: 6.28, sse: 15328.1 (0.607, 65.2, 3.807), neg: 92809 (%6.008:%33.01), avgs: 64
031: dt: 16.20, sse: 15277.2 (0.607, 65.1, 3.807), neg: 91871 (%5.977:%32.71), avgs: 64
032: dt: 6.44, sse: 15226.6 (0.606, 65.1, 3.807), neg: 92283 (%5.909:%32.77), avgs: 64
033: dt: 14.47, sse: 15183.0 (0.606, 65.1, 3.807), neg: 91609 (%5.879:%32.58), avgs: 64
034: dt: 6.75, sse: 15140.5 (0.606, 65.1, 3.807), neg: 91828 (%5.824:%32.56), avgs: 64
035: dt: 12.72, sse: 15102.7 (0.606, 65.0, 3.807), neg: 91281 (%5.795:%32.42), avgs: 64
036: dt: 8.16, sse: 15066.8 (0.605, 65.0, 3.807), neg: 91209 (%5.756:%32.31), avgs: 64
037: dt: 7.74, sse: 15035.9 (0.605, 65.0, 3.807), neg: 91548 (%5.720:%32.47), avgs: 64
038: dt: 12.09, sse: 15000.8 (0.605, 65.0, 3.807), neg: 90727 (%5.693:%32.10), avgs: 64
039: dt: 7.24, sse: 14970.5 (0.605, 65.0, 3.807), neg: 91105 (%5.654:%32.27), avgs: 64
040: dt: 12.10, sse: 14937.6 (0.604, 64.9, 3.807), neg: 90333 (%5.629:%31.93), avgs: 64
041: dt: 7.14, sse: 14909.1 (0.604, 64.9, 3.807), neg: 90742 (%5.592:%32.11), avgs: 64
042: dt: 12.60, sse: 14877.7 (0.604, 64.9, 3.807), neg: 89904 (%5.569:%31.74), avgs: 64
043: dt: 6.76, sse: 14850.5 (0.604, 64.9, 3.807), neg: 90296 (%5.532:%31.90), avgs: 64
044: dt: 8.01, sse: 14555.4 (0.603, 64.7, 3.807), neg: 88015 (%5.359:%31.00), avgs: 16
045: dt: 3.06, sse: 14368.4 (0.602, 64.7, 3.807), neg: 88969 (%5.171:%31.38), avgs: 16
046: dt: 2.13, sse: 14311.4 (0.602, 64.7, 3.807), neg: 89706 (%5.101:%31.59), avgs: 16
047: dt: 4.32, sse: 14252.8 (0.602, 64.6, 3.807), neg: 88819 (%5.069:%31.24), avgs: 16
048: dt: 1.69, sse: 14198.2 (0.602, 64.7, 3.807), neg: 89558 (%4.994:%31.53), avgs: 16
049: dt: 3.52, sse: 14153.5 (0.601, 64.6, 3.807), neg: 88530 (%4.974:%31.13), avgs: 16
050: dt: 1.77, sse: 14107.6 (0.601, 64.6, 3.807), neg: 89055 (%4.912:%31.33), avgs: 16
051: dt: 2.88, sse: 14071.9 (0.601, 64.5, 3.807), neg: 88315 (%4.893:%31.03), avgs: 16
052: dt: 1.96, sse: 14031.8 (0.601, 64.5, 3.807), neg: 88623 (%4.842:%31.16), avgs: 16
053: dt: 2.29, sse: 14000.7 (0.601, 64.5, 3.807), neg: 88135 (%4.820:%30.93), avgs: 16
054: dt: 2.44, sse: 13964.2 (0.601, 64.5, 3.807), neg: 88020 (%4.782:%30.94), avgs: 16
055: dt: 1.88, sse: 13934.8 (0.601, 64.5, 3.807), neg: 87973 (%4.754:%30.85), avgs: 16
056: dt: 3.12, sse: 13897.9 (0.601, 64.4, 3.807), neg: 87494 (%4.724:%30.73), avgs: 16
057: dt: 1.57, sse: 13867.0 (0.601, 64.4, 3.807), neg: 87781 (%4.686:%30.74), avgs: 16
058: dt: 4.92, sse: 13821.7 (0.600, 64.3, 3.807), neg: 86751 (%4.662:%30.43), avgs: 16
059: dt: 1.34, sse: 13782.7 (0.600, 64.3, 3.807), neg: 87321 (%4.603:%30.54), avgs: 16
060: dt: 9.98, sse: 13699.8 (0.600, 64.2, 3.808), neg: 85655 (%4.559:%29.99), avgs: 16
061: dt: 1.24, sse: 13643.6 (0.600, 64.2, 3.808), neg: 86454 (%4.466:%30.16), avgs: 16
062: dt: 55.17, sse: 13331.3 (0.599, 63.6, 3.810), neg: 79871 (%4.243:%27.65), avgs: 16
063: dt: 1.41, sse: 13042.5 (0.598, 63.6, 3.810), neg: 80615 (%3.869:%27.69), avgs: 16
064: dt: 11.38, sse: 12989.5 (0.598, 63.5, 3.810), neg: 79663 (%3.877:%27.43), avgs: 16
065: dt: 1.58, sse: 12940.4 (0.598, 63.5, 3.810), neg: 79685 (%3.778:%27.31), avgs: 16
066: dt: 4.98, sse: 12916.0 (0.598, 63.4, 3.811), neg: 79058 (%3.770:%27.10), avgs: 16
067: dt: 1.80, sse: 12890.9 (0.598, 63.4, 3.811), neg: 79070 (%3.726:%27.06), avgs: 16
068: dt: 3.42, sse: 12873.6 (0.597, 63.4, 3.811), neg: 78749 (%3.720:%26.95), avgs: 16
069: dt: 2.03, sse: 12852.4 (0.597, 63.4, 3.811), neg: 78558 (%3.690:%26.87), avgs: 16
070: dt: 2.57, sse: 12837.3 (0.597, 63.4, 3.811), neg: 78513 (%3.680:%26.83), avgs: 16
071: dt: 2.57, sse: 12817.8 (0.597, 63.3, 3.811), neg: 78142 (%3.660:%26.71), avgs: 16
072: dt: 1.91, sse: 12803.1 (0.597, 63.3, 3.811), neg: 78239 (%3.644:%26.69), avgs: 16
073: dt: 4.00, sse: 12781.1 (0.597, 63.3, 3.811), neg: 77619 (%3.633:%26.52), avgs: 16
074: dt: 1.35, sse: 12684.4 (0.597, 63.2, 3.811), neg: 77797 (%3.567:%26.56), avgs: 4
075: dt: 0.88, sse: 12603.5 (0.597, 63.2, 3.811), neg: 77628 (%3.477:%26.51), avgs: 4
076: dt: 0.92, sse: 12556.0 (0.596, 63.2, 3.811), neg: 77327 (%3.436:%26.35), avgs: 4
077: dt: 0.51, sse: 12520.6 (0.596, 63.2, 3.811), neg: 77574 (%3.389:%26.39), avgs: 4
078: dt: 4.67, sse: 12401.3 (0.596, 62.9, 3.811), neg: 75419 (%3.362:%25.68), avgs: 4
079: dt: 0.47, sse: 12303.2 (0.596, 62.9, 3.812), neg: 75855 (%3.213:%25.77), avgs: 4
080: dt: 0.51, sse: 12279.5 (0.596, 62.9, 3.812), neg: 75822 (%3.182:%25.73), avgs: 4
081: dt: 1.52, sse: 12245.6 (0.596, 62.8, 3.812), neg: 74921 (%3.179:%25.44), avgs: 4
082: dt: 0.48, sse: 12211.0 (0.596, 62.8, 3.812), neg: 75037 (%3.123:%25.43), avgs: 4
083: dt: 0.82, sse: 12189.7 (0.596, 62.8, 3.812), neg: 74607 (%3.113:%25.29), avgs: 4
084: dt: 0.37, sse: 12168.5 (0.596, 62.7, 3.812), neg: 74748 (%3.079:%25.28), avgs: 4
085: dt: 22.26, sse: 11917.1 (0.596, 61.8, 3.814), neg: 66148 (%3.000:%22.27), avgs: 4
086: dt: 0.41, sse: 11547.1 (0.594, 61.7, 3.813), neg: 65939 (%2.596:%22.07), avgs: 4
087: dt: 0.62, sse: 11526.9 (0.594, 61.7, 3.814), neg: 65861 (%2.569:%22.03), avgs: 4
088: dt: 0.50, sse: 11511.7 (0.594, 61.7, 3.814), neg: 65780 (%2.548:%21.95), avgs: 4
089: dt: 0.55, sse: 11498.9 (0.594, 61.6, 3.814), neg: 65826 (%2.534:%21.96), avgs: 4
090: dt: 1.70, sse: 11478.6 (0.594, 61.6, 3.814), neg: 65009 (%2.532:%21.68), avgs: 4
091: dt: 0.46, sse: 11455.7 (0.594, 61.6, 3.814), neg: 65147 (%2.497:%21.69), avgs: 4
092: dt: 0.32, sse: 11447.5 (0.594, 61.5, 3.814), neg: 65089 (%2.488:%21.65), avgs: 4
093: dt: 116.22, sse: 10242.6 (0.593, 59.2, 3.822), neg: 46899 (%2.005:%15.15), avgs: 4
094: dt: 0.53, sse: 9959.5 (0.591, 59.0, 3.822), neg: 45523 (%1.712:%14.58), avgs: 4
095: dt: 0.66, sse: 9869.4 (0.591, 58.9, 3.822), neg: 44441 (%1.619:%14.17), avgs: 4
096: dt: 0.66, sse: 9815.9 (0.591, 58.8, 3.822), neg: 43668 (%1.570:%13.89), avgs: 4
097: dt: 0.25, sse: 9783.1 (0.590, 58.8, 3.822), neg: 43377 (%1.528:%13.77), avgs: 4
098: dt: 2.02, sse: 9726.2 (0.590, 58.7, 3.822), neg: 42367 (%1.514:%13.44), avgs: 4
099: dt: 0.47, sse: 9676.5 (0.590, 58.6, 3.822), neg: 41852 (%1.448:%13.22), avgs: 4
100: dt: 1.68, sse: 9649.6 (0.590, 58.6, 3.822), neg: 41565 (%1.452:%13.13), avgs: 4
101: dt: 0.43, sse: 9625.8 (0.590, 58.6, 3.822), neg: 41156 (%1.410:%12.95), avgs: 4
102: dt: 3.32, sse: 9591.7 (0.589, 58.5, 3.822), neg: 40726 (%1.421:%12.85), avgs: 4
103: dt: 0.47, sse: 9562.2 (0.589, 58.5, 3.822), neg: 40342 (%1.370:%12.66), avgs: 4
104: dt: 0.39, sse: 9546.2 (0.589, 58.5, 3.822), neg: 40188 (%1.370:%12.62), avgs: 1
105: dt: 0.13, sse: 9542.6 (0.589, 58.5, 3.822), neg: 40169 (%1.364:%12.61), avgs: 1
106: dt: 0.00, sse: 9542.6 (0.589, 58.5, 3.822), neg: 40169 (%1.364:%12.61), avgs: 1
107: dt: 0.10, sse: 9520.2 (0.589, 58.4, 3.822), neg: 39773 (%1.359:%12.50), avgs: 0
108: dt: 0.05, sse: 9509.2 (0.589, 58.4, 3.822), neg: 39524 (%1.345:%12.40), avgs: 0
109: dt: 0.09, sse: 9502.6 (0.589, 58.4, 3.822), neg: 39432 (%1.347:%12.37), avgs: 0
110: dt: 0.02, sse: 9499.3 (0.589, 58.4, 3.822), neg: 39482 (%1.340:%12.38), avgs: 0
111: dt: 0.13, sse: 9494.1 (0.589, 58.4, 3.822), neg: 39373 (%1.347:%12.36), avgs: 0
112: dt: 0.02, sse: 9490.3 (0.589, 58.4, 3.822), neg: 39390 (%1.338:%12.35), avgs: 0
113: dt: 0.08, sse: 9487.2 (0.589, 58.4, 3.822), neg: 39317 (%1.339:%12.33), avgs: 0
114: dt: 0.02, sse: 9485.1 (0.589, 58.4, 3.822), neg: 39386 (%1.335:%12.34), avgs: 0
115: dt: 0.28, sse: 9479.6 (0.589, 58.3, 3.822), neg: 39252 (%1.344:%12.32), avgs: 0
116: dt: 0.02, sse: 9475.3 (0.589, 58.3, 3.822), neg: 39244 (%1.334:%12.30), avgs: 0
117: dt: 0.03, sse: 9474.0 (0.589, 58.3, 3.822), neg: 39283 (%1.331:%12.31), avgs: 0
nlarea/dist = 100000.000
118: dt: 2060.62, sse: 6948.8 (0.551, 49.8, 3.761), neg: 17653 (%0.696:%5.43), avgs: 1024
119: dt: 714.86, sse: 5469.4 (0.530, 46.4, 3.732), neg: 4285 (%0.080:%1.39), avgs: 1024
120: dt: 521.38, sse: 5039.9 (0.526, 45.9, 3.728), neg: 1151 (%0.018:%0.33), avgs: 1024
121: dt: 4072.86, sse: 4733.0 (0.521, 45.2, 3.714), neg: 151 (%0.003:%0.05), avgs: 1024
122: dt: 1967.81, sse: 4635.5 (0.520, 44.9, 3.714), neg: 146 (%0.002:%0.05), avgs: 1024
123: dt: 846.94, sse: 4623.0 (0.521, 44.9, 3.714), neg: 136 (%0.002:%0.04), avgs: 1024
124: dt: 284.65, sse: 4615.1 (0.521, 44.9, 3.713), neg: 124 (%0.002:%0.04), avgs: 256
125: dt: 26.81, sse: 4614.2 (0.521, 44.9, 3.713), neg: 113 (%0.002:%0.04), avgs: 64
126: dt: 0.00, sse: 4614.2 (0.521, 44.9, 3.713), neg: 113 (%0.002:%0.04), avgs: 16
127: dt: 1.46, sse: 4613.7 (0.521, 44.9, 3.713), neg: 109 (%0.002:%0.03), avgs: 4
128: dt: 1.33, sse: 4612.6 (0.521, 44.9, 3.713), neg: 103 (%0.001:%0.03), avgs: 1
129: dt: 0.00, sse: 4612.6 (0.521, 44.9, 3.713), neg: 103 (%0.001:%0.03), avgs: 1
130: dt: 0.72, sse: 4609.8 (0.521, 44.9, 3.713), neg: 81 (%0.001:%0.03), avgs: 0
131: dt: 0.10, sse: 4609.3 (0.521, 44.9, 3.713), neg: 78 (%0.001:%0.03), avgs: 0
nlarea/dist = 1000.000
132: dt: 95814.38, sse: 175075.9 (0.542, 46.7, 3.436), neg: 24362 (%4.024:%9.06), avgs: 1024
133: dt: 290.25, sse: 168068.5 (0.517, 46.2, 3.396), neg: 17738 (%1.938:%6.41), avgs: 1024
134: dt: 454.80, sse: 163252.1 (0.498, 42.1, 3.365), neg: 8431 (%0.892:%3.10), avgs: 1024
135: dt: 447.34, sse: 161029.1 (0.491, 41.6, 3.353), neg: 4155 (%0.104:%1.44), avgs: 1024
136: dt: 2208.91, sse: 158387.2 (0.486, 40.2, 3.326), neg: 4953 (%0.387:%1.80), avgs: 1024
137: dt: 689.30, sse: 156880.3 (0.479, 39.5, 3.316), neg: 897 (%0.021:%0.26), avgs: 1024
138: dt: 6041.64, sse: 154097.0 (0.473, 40.1, 3.282), neg: 3428 (%0.138:%1.35), avgs: 1024
139: dt: 905.60, sse: 153018.3 (0.468, 39.6, 3.275), neg: 330 (%0.011:%0.11), avgs: 1024
140: dt: 8429.90, sse: 151140.9 (0.471, 40.6, 3.248), neg: 3532 (%0.140:%1.35), avgs: 1024
141: dt: 1453.06, sse: 149661.6 (0.464, 39.5, 3.238), neg: 188 (%0.007:%0.07), avgs: 1024
142: dt: 13098.57, sse: 146794.4 (0.461, 40.3, 3.203), neg: 466 (%0.010:%0.10), avgs: 1024
143: dt: 8549.62, sse: 144600.6 (0.458, 40.6, 3.175), neg: 2416 (%0.075:%0.76), avgs: 1024
144: dt: 1480.25, sse: 143370.8 (0.454, 39.5, 3.166), neg: 152 (%0.002:%0.05), avgs: 1024
145: dt: 5483.39, sse: 141598.5 (0.444, 39.1, 3.146), neg: 677 (%0.012:%0.19), avgs: 1024
146: dt: 2541.66, sse: 140852.4 (0.442, 38.9, 3.140), neg: 229 (%0.004:%0.07), avgs: 1024
147: dt: 9761.50, sse: 139378.9 (0.443, 39.6, 3.119), neg: 514 (%0.030:%0.19), avgs: 1024
148: dt: 3300.02, sse: 138078.5 (0.446, 39.1, 3.105), neg: 653 (%0.008:%0.26), avgs: 1024
149: dt: 3218.39, sse: 137149.3 (0.440, 38.8, 3.095), neg: 888 (%0.052:%0.31), avgs: 1024
150: dt: 4552.63, sse: 136072.1 (0.435, 38.8, 3.084), neg: 128 (%0.002:%0.04), avgs: 1024
151: dt: 16206.62, sse: 133714.1 (0.436, 39.4, 3.053), neg: 930 (%0.030:%0.19), avgs: 1024
152: dt: 4834.84, sse: 132317.4 (0.431, 39.3, 3.036), neg: 2370 (%0.090:%0.88), avgs: 1024
153: dt: 724.61, sse: 131808.1 (0.428, 39.2, 3.032), neg: 181 (%0.003:%0.05), avgs: 1024
154: dt: 666.89, sse: 131603.8 (0.429, 39.2, 3.030), neg: 162 (%0.003:%0.04), avgs: 256
155: dt: 139.17, sse: 131417.5 (0.429, 39.3, 3.027), neg: 353 (%0.007:%0.11), avgs: 64
156: dt: 48.64, sse: 131281.4 (0.429, 39.1, 3.026), neg: 107 (%0.001:%0.03), avgs: 64
157: dt: 44.57, sse: 131143.1 (0.429, 39.1, 3.024), neg: 215 (%0.009:%0.09), avgs: 16
158: dt: 10.89, sse: 131078.7 (0.429, 39.1, 3.024), neg: 65 (%0.001:%0.03), avgs: 16
159: dt: 4.50, sse: 131056.5 (0.429, 39.1, 3.024), neg: 109 (%0.007:%0.05), avgs: 4
160: dt: 0.37, sse: 131043.8 (0.429, 39.1, 3.024), neg: 42 (%0.001:%0.02), avgs: 1
161: dt: 0.10, sse: 131041.3 (0.429, 39.1, 3.024), neg: 28 (%0.000:%0.01), avgs: 0
nlarea/dist = 100.000
162: dt: 41598.05, sse: 748164.7 (0.313, 34.6, 2.301), neg: 5554 (%0.329:%2.01), avgs: 1024
163: dt: 5990.61, sse: 688247.3 (0.301, 30.8, 2.207), neg: 4563 (%0.504:%1.63), avgs: 1024
164: dt: 2474.58, sse: 654405.3 (0.287, 30.8, 2.152), neg: 3610 (%0.208:%1.29), avgs: 1024
165: dt: 4464.16, sse: 619761.8 (0.273, 30.3, 2.094), neg: 3468 (%0.368:%1.13), avgs: 1024
166: dt: 1454.12, sse: 606120.2 (0.272, 29.0, 2.071), neg: 1374 (%0.075:%0.49), avgs: 1024
167: dt: 6484.90, sse: 575038.2 (0.262, 29.2, 2.017), neg: 1510 (%0.104:%0.49), avgs: 1024
168: dt: 7249.11, sse: 535455.7 (0.245, 28.6, 1.947), neg: 490 (%0.018:%0.17), avgs: 1024
169: dt: 18093.82, sse: 478271.4 (0.250, 28.4, 1.838), neg: 2297 (%0.289:%0.77), avgs: 1024
170: dt: 3716.23, sse: 444981.8 (0.210, 27.3, 1.774), neg: 394 (%0.024:%0.13), avgs: 1024
171: dt: 18672.56, sse: 405719.0 (0.216, 29.5, 1.692), neg: 3893 (%0.501:%1.34), avgs: 1024
172: dt: 3085.72, sse: 381299.7 (0.186, 27.7, 1.641), neg: 1032 (%0.053:%0.34), avgs: 1024
173: dt: 9573.34, sse: 357323.4 (0.177, 28.1, 1.587), neg: 2040 (%0.193:%0.69), avgs: 1024
174: dt: 3406.72, sse: 345931.6 (0.172, 26.9, 1.562), neg: 350 (%0.020:%0.12), avgs: 1024
175: dt: 19757.82, sse: 309476.0 (0.164, 28.1, 1.475), neg: 2661 (%0.462:%0.97), avgs: 1024
176: dt: 1331.58, sse: 299499.6 (0.153, 26.7, 1.452), neg: 417 (%0.028:%0.14), avgs: 1024
177: dt: 19188.30, sse: 272508.8 (0.152, 28.8, 1.381), neg: 5050 (%1.325:%1.79), avgs: 1024
178: dt: 650.20, sse: 263571.2 (0.137, 26.0, 1.361), neg: 473 (%0.027:%0.16), avgs: 1024
179: dt: 16652.47, sse: 243033.5 (0.128, 28.4, 1.304), neg: 3804 (%0.457:%1.35), avgs: 1024
180: dt: 1559.84, sse: 236380.3 (0.124, 25.9, 1.287), neg: 508 (%0.031:%0.17), avgs: 1024
181: dt: 7321.60, sse: 228653.5 (0.118, 26.0, 1.266), neg: 312 (%0.020:%0.10), avgs: 1024
182: dt: 10248.71, sse: 217083.7 (0.119, 25.4, 1.232), neg: 855 (%0.059:%0.29), avgs: 1024
183: dt: 6406.29, sse: 209834.1 (0.110, 25.5, 1.211), neg: 357 (%0.031:%0.11), avgs: 1024
184: dt: 17565.99, sse: 196967.6 (0.105, 25.6, 1.172), neg: 531 (%0.030:%0.18), avgs: 1024
185: dt: 6856.47, sse: 188273.0 (0.104, 24.7, 1.146), neg: 350 (%0.027:%0.11), avgs: 1024
186: dt: 9752.21, sse: 182003.4 (0.099, 24.8, 1.126), neg: 295 (%0.021:%0.10), avgs: 1024
187: dt: 16271.99, sse: 173315.5 (0.097, 25.1, 1.097), neg: 1451 (%0.141:%0.39), avgs: 1024
188: dt: 3053.21, sse: 170253.8 (0.099, 24.1, 1.088), neg: 418 (%0.023:%0.13), avgs: 1024
189: dt: 12435.75, sse: 164207.0 (0.092, 24.6, 1.067), neg: 345 (%0.031:%0.11), avgs: 1024
190: dt: 17666.36, sse: 156827.5 (0.089, 24.0, 1.042), neg: 591 (%0.034:%0.19), avgs: 1024
191: dt: 5034.36, sse: 153652.2 (0.086, 24.2, 1.031), neg: 310 (%0.022:%0.10), avgs: 1024
192: dt: 4935.43, sse: 132907.8 (0.081, 23.8, 0.956), neg: 1001 (%0.113:%0.29), avgs: 256
193: dt: 539.34, sse: 129920.4 (0.078, 23.1, 0.946), neg: 247 (%0.019:%0.08), avgs: 256
194: dt: 3386.55, sse: 123661.8 (0.071, 23.1, 0.922), neg: 551 (%0.042:%0.16), avgs: 256
195: dt: 1140.19, sse: 121691.2 (0.071, 22.9, 0.914), neg: 439 (%0.042:%0.15), avgs: 256
196: dt: 815.25, sse: 120531.3 (0.067, 22.9, 0.910), neg: 329 (%0.022:%0.10), avgs: 256
197: dt: 2201.93, sse: 118466.7 (0.068, 22.9, 0.902), neg: 572 (%0.043:%0.15), avgs: 256
198: dt: 655.50, sse: 117557.9 (0.068, 22.7, 0.898), neg: 264 (%0.020:%0.08), avgs: 256
199: dt: 2345.25, sse: 115465.7 (0.066, 22.8, 0.889), neg: 820 (%0.077:%0.22), avgs: 256
200: dt: 418.99, sse: 114632.9 (0.065, 22.5, 0.886), neg: 266 (%0.020:%0.08), avgs: 256
201: dt: 4204.74, sse: 112650.3 (0.065, 23.0, 0.878), neg: 1150 (%0.114:%0.30), avgs: 256
202: dt: 327.62, sse: 111913.8 (0.065, 22.7, 0.875), neg: 247 (%0.019:%0.08), avgs: 256
203: dt: 1481.46, sse: 110349.1 (0.063, 22.6, 0.869), neg: 596 (%0.050:%0.16), avgs: 256
204: dt: 659.04, sse: 109681.6 (0.062, 22.3, 0.866), neg: 247 (%0.018:%0.08), avgs: 256
205: dt: 4355.08, sse: 108058.9 (0.063, 22.8, 0.859), neg: 1212 (%0.147:%0.32), avgs: 256
206: dt: 70.12, sse: 107793.4 (0.062, 22.7, 0.858), neg: 593 (%0.044:%0.16), avgs: 256
207: dt: 643.88, sse: 100448.0 (0.071, 22.3, 0.827), neg: 888 (%0.284:%0.29), avgs: 64
208: dt: 62.19, sse: 98498.2 (0.063, 22.1, 0.819), neg: 585 (%0.132:%0.20), avgs: 64
209: dt: 40.65, sse: 97677.6 (0.059, 21.7, 0.815), neg: 169 (%0.012:%0.05), avgs: 64
210: dt: 960.73, sse: 92524.3 (0.056, 21.9, 0.792), neg: 867 (%0.126:%0.27), avgs: 64
211: dt: 151.62, sse: 91340.9 (0.054, 21.5, 0.787), neg: 405 (%0.052:%0.11), avgs: 64
212: dt: 180.24, sse: 90561.5 (0.051, 21.4, 0.784), neg: 330 (%0.034:%0.10), avgs: 64
213: dt: 210.65, sse: 89857.5 (0.050, 21.3, 0.780), neg: 193 (%0.009:%0.06), avgs: 64
214: dt: 441.08, sse: 88587.5 (0.049, 21.2, 0.775), neg: 254 (%0.014:%0.07), avgs: 64
215: dt: 273.50, sse: 87978.9 (0.050, 21.1, 0.772), neg: 285 (%0.020:%0.08), avgs: 64
216: dt: 150.86, sse: 87555.8 (0.049, 21.0, 0.770), neg: 125 (%0.007:%0.04), avgs: 64
217: dt: 493.05, sse: 86790.1 (0.049, 21.0, 0.766), neg: 252 (%0.019:%0.07), avgs: 64
218: dt: 201.57, sse: 86276.1 (0.048, 20.9, 0.764), neg: 171 (%0.010:%0.05), avgs: 64
219: dt: 535.61, sse: 85678.3 (0.048, 21.0, 0.761), neg: 318 (%0.030:%0.08), avgs: 64
220: dt: 103.67, sse: 85355.7 (0.047, 20.9, 0.760), neg: 119 (%0.006:%0.04), avgs: 64
221: dt: 1741.56, sse: 83944.2 (0.050, 21.0, 0.752), neg: 949 (%0.250:%0.25), avgs: 64
222: dt: 33.12, sse: 83523.3 (0.047, 20.9, 0.751), neg: 428 (%0.042:%0.11), avgs: 64
223: dt: 105.43, sse: 83187.2 (0.045, 20.8, 0.749), neg: 240 (%0.022:%0.06), avgs: 64
224: dt: 198.04, sse: 82969.6 (0.045, 20.8, 0.748), neg: 124 (%0.006:%0.04), avgs: 64
225: dt: 517.12, sse: 82640.3 (0.044, 20.7, 0.747), neg: 230 (%0.018:%0.06), avgs: 64
226: dt: 207.85, sse: 82380.3 (0.044, 20.7, 0.746), neg: 117 (%0.006:%0.03), avgs: 64
227: dt: 1144.83, sse: 81857.7 (0.045, 20.8, 0.743), neg: 640 (%0.150:%0.17), avgs: 64
228: dt: 25.39, sse: 81654.0 (0.043, 20.7, 0.742), neg: 162 (%0.012:%0.05), avgs: 64
229: dt: 256.00, sse: 81502.3 (0.043, 20.7, 0.741), neg: 226 (%0.019:%0.06), avgs: 64
230: dt: 128.61, sse: 81338.7 (0.043, 20.7, 0.741), neg: 123 (%0.007:%0.04), avgs: 64
231: dt: 347.43, sse: 81181.4 (0.043, 20.7, 0.740), neg: 145 (%0.007:%0.04), avgs: 64
232: dt: 318.17, sse: 80971.6 (0.043, 20.7, 0.739), neg: 151 (%0.008:%0.04), avgs: 64
233: dt: 205.47, sse: 80836.4 (0.042, 20.6, 0.738), neg: 130 (%0.008:%0.04), avgs: 64
234: dt: 352.00, sse: 80686.3 (0.042, 20.6, 0.737), neg: 164 (%0.008:%0.04), avgs: 64
235: dt: 199.59, sse: 80550.2 (0.042, 20.6, 0.737), neg: 170 (%0.010:%0.05), avgs: 64
236: dt: 141.30, sse: 80457.9 (0.042, 20.6, 0.736), neg: 116 (%0.006:%0.04), avgs: 64
237: dt: 379.56, sse: 78076.0 (0.041, 20.6, 0.724), neg: 629 (%0.140:%0.17), avgs: 16
238: dt: 8.65, sse: 77808.5 (0.039, 20.5, 0.723), neg: 357 (%0.052:%0.09), avgs: 16
239: dt: 17.61, sse: 77571.8 (0.038, 20.4, 0.722), neg: 250 (%0.038:%0.06), avgs: 16
240: dt: 18.83, sse: 77375.3 (0.037, 20.4, 0.721), neg: 115 (%0.009:%0.03), avgs: 16
241: dt: 57.13, sse: 77093.6 (0.037, 20.3, 0.720), neg: 179 (%0.021:%0.05), avgs: 16
242: dt: 6.14, sse: 77012.5 (0.036, 20.3, 0.719), neg: 73 (%0.003:%0.02), avgs: 16
243: dt: 122.18, sse: 76552.2 (0.037, 20.3, 0.717), neg: 290 (%0.032:%0.08), avgs: 16
244: dt: 19.75, sse: 76360.1 (0.035, 20.2, 0.716), neg: 92 (%0.005:%0.03), avgs: 16
245: dt: 63.19, sse: 76197.1 (0.035, 20.2, 0.715), neg: 142 (%0.015:%0.04), avgs: 16
246: dt: 28.00, sse: 76069.4 (0.034, 20.2, 0.715), neg: 58 (%0.003:%0.02), avgs: 16
247: dt: 89.70, sse: 75877.1 (0.034, 20.2, 0.714), neg: 210 (%0.032:%0.05), avgs: 16
248: dt: 11.39, sse: 75784.6 (0.033, 20.1, 0.713), neg: 59 (%0.003:%0.02), avgs: 16
249: dt: 366.93, sse: 75298.0 (0.036, 20.2, 0.711), neg: 455 (%0.109:%0.12), avgs: 16
250: dt: 11.07, sse: 75043.2 (0.033, 20.1, 0.710), neg: 141 (%0.020:%0.04), avgs: 16
251: dt: 9.04, sse: 74978.1 (0.032, 20.1, 0.709), neg: 78 (%0.004:%0.02), avgs: 16
252: dt: 160.19, sse: 74715.6 (0.033, 20.1, 0.708), neg: 212 (%0.023:%0.05), avgs: 16
253: dt: 30.29, sse: 74626.6 (0.031, 20.1, 0.708), neg: 66 (%0.003:%0.02), avgs: 16
254: dt: 89.83, sse: 74518.1 (0.031, 20.1, 0.707), neg: 104 (%0.008:%0.03), avgs: 16
255: dt: 39.79, sse: 74434.1 (0.031, 20.0, 0.707), neg: 65 (%0.003:%0.02), avgs: 16
256: dt: 80.86, sse: 74351.2 (0.031, 20.0, 0.706), neg: 102 (%0.006:%0.03), avgs: 16
257: dt: 37.33, sse: 74290.3 (0.030, 20.0, 0.706), neg: 56 (%0.003:%0.02), avgs: 16
258: dt: 146.41, sse: 74185.0 (0.031, 20.0, 0.705), neg: 200 (%0.029:%0.05), avgs: 16
259: dt: 8.98, sse: 74133.3 (0.030, 20.0, 0.705), neg: 54 (%0.003:%0.02), avgs: 16
260: dt: 130.25, sse: 74042.0 (0.031, 20.0, 0.705), neg: 89 (%0.005:%0.03), avgs: 16
261: dt: 22.67, sse: 73995.5 (0.030, 20.0, 0.704), neg: 57 (%0.003:%0.02), avgs: 16
262: dt: 81.45, sse: 73619.9 (0.033, 20.0, 0.702), neg: 388 (%0.084:%0.11), avgs: 4
263: dt: 2.50, sse: 73499.9 (0.029, 19.9, 0.702), neg: 163 (%0.018:%0.05), avgs: 4
264: dt: 4.82, sse: 73432.8 (0.028, 19.9, 0.702), neg: 103 (%0.007:%0.03), avgs: 4
265: dt: 8.67, sse: 73364.6 (0.028, 19.8, 0.701), neg: 95 (%0.013:%0.03), avgs: 4
266: dt: 5.41, sse: 73314.3 (0.027, 19.8, 0.701), neg: 58 (%0.004:%0.02), avgs: 4
267: dt: 12.57, sse: 73248.3 (0.027, 19.8, 0.701), neg: 100 (%0.014:%0.03), avgs: 4
268: dt: 5.11, sse: 73203.3 (0.026, 19.8, 0.701), neg: 54 (%0.006:%0.02), avgs: 4
269: dt: 7.66, sse: 73157.2 (0.026, 19.8, 0.700), neg: 44 (%0.005:%0.02), avgs: 4
270: dt: 8.68, sse: 73107.1 (0.026, 19.8, 0.700), neg: 42 (%0.004:%0.01), avgs: 4
271: dt: 11.83, sse: 73052.1 (0.026, 19.8, 0.700), neg: 40 (%0.004:%0.01), avgs: 4
272: dt: 15.11, sse: 72993.1 (0.026, 19.8, 0.699), neg: 40 (%0.007:%0.01), avgs: 4
273: dt: 9.48, sse: 72940.6 (0.025, 19.8, 0.699), neg: 40 (%0.005:%0.01), avgs: 4
274: dt: 15.11, sse: 72882.0 (0.025, 19.8, 0.699), neg: 44 (%0.008:%0.01), avgs: 4
275: dt: 9.32, sse: 72831.0 (0.025, 19.8, 0.699), neg: 38 (%0.004:%0.01), avgs: 4
276: dt: 13.88, sse: 72773.7 (0.024, 19.8, 0.698), neg: 36 (%0.004:%0.01), avgs: 4
277: dt: 14.67, sse: 72722.7 (0.024, 19.8, 0.698), neg: 38 (%0.005:%0.01), avgs: 4
278: dt: 14.97, sse: 72677.4 (0.024, 19.8, 0.698), neg: 39 (%0.006:%0.01), avgs: 4
279: dt: 9.60, sse: 72635.0 (0.024, 19.8, 0.698), neg: 38 (%0.004:%0.01), avgs: 4
280: dt: 12.71, sse: 72586.0 (0.024, 19.8, 0.697), neg: 35 (%0.003:%0.01), avgs: 4
281: dt: 16.00, sse: 72537.3 (0.024, 19.8, 0.697), neg: 33 (%0.003:%0.01), avgs: 4
282: dt: 18.22, sse: 72492.4 (0.024, 19.8, 0.697), neg: 47 (%0.005:%0.02), avgs: 4
283: dt: 8.93, sse: 72453.6 (0.024, 19.8, 0.697), neg: 28 (%0.001:%0.01), avgs: 4
284: dt: 24.00, sse: 72394.7 (0.024, 19.8, 0.696), neg: 71 (%0.008:%0.02), avgs: 4
285: dt: 5.68, sse: 72362.4 (0.023, 19.7, 0.696), neg: 42 (%0.003:%0.01), avgs: 4
286: dt: 10.61, sse: 72335.9 (0.024, 19.7, 0.696), neg: 54 (%0.007:%0.01), avgs: 4
287: dt: 4.98, sse: 72316.4 (0.023, 19.7, 0.696), neg: 48 (%0.005:%0.01), avgs: 4
288: dt: 2.56, sse: 72300.6 (0.023, 19.7, 0.696), neg: 51 (%0.010:%0.01), avgs: 1
289: dt: 0.17, sse: 72293.5 (0.023, 19.7, 0.696), neg: 40 (%0.003:%0.01), avgs: 0
nlarea/dist = 10.000
290: dt: 6128.72, sse: 572418.6 (0.045, 17.5, 0.635), neg: 188 (%0.029:%0.07), avgs: 1024
291: dt: 2734.74, sse: 506211.8 (0.030, 18.0, 0.597), neg: 121 (%0.010:%0.04), avgs: 1024
292: dt: 3134.29, sse: 470887.2 (0.032, 17.3, 0.576), neg: 121 (%0.014:%0.04), avgs: 1024
293: dt: 2979.65, sse: 441389.6 (0.029, 17.3, 0.557), neg: 138 (%0.013:%0.05), avgs: 1024
294: dt: 2867.27, sse: 418116.0 (0.030, 16.8, 0.542), neg: 139 (%0.016:%0.05), avgs: 1024
295: dt: 3151.27, sse: 398011.1 (0.029, 16.8, 0.529), neg: 154 (%0.016:%0.05), avgs: 1024
296: dt: 2714.50, sse: 381066.9 (0.029, 16.4, 0.517), neg: 139 (%0.018:%0.05), avgs: 1024
297: dt: 3302.58, sse: 366581.5 (0.029, 16.4, 0.507), neg: 161 (%0.017:%0.06), avgs: 1024
298: dt: 2644.91, sse: 353893.2 (0.029, 16.0, 0.498), neg: 146 (%0.019:%0.05), avgs: 1024
299: dt: 3364.91, sse: 343205.2 (0.029, 16.0, 0.490), neg: 163 (%0.018:%0.06), avgs: 1024
300: dt: 2647.88, sse: 333596.1 (0.029, 15.7, 0.483), neg: 157 (%0.019:%0.06), avgs: 1024
301: dt: 3304.92, sse: 325614.9 (0.029, 15.6, 0.477), neg: 166 (%0.019:%0.06), avgs: 1024
302: dt: 2735.40, sse: 318290.9 (0.029, 15.4, 0.472), neg: 164 (%0.020:%0.06), avgs: 1024
303: dt: 3106.70, sse: 312275.3 (0.029, 15.4, 0.467), neg: 165 (%0.020:%0.06), avgs: 1024
304: dt: 2948.28, sse: 306640.2 (0.029, 15.2, 0.463), neg: 165 (%0.021:%0.06), avgs: 1024
305: dt: 2833.07, sse: 302032.3 (0.029, 15.2, 0.459), neg: 168 (%0.020:%0.06), avgs: 1024
306: dt: 3219.60, sse: 297588.8 (0.029, 15.0, 0.456), neg: 170 (%0.021:%0.06), avgs: 1024
307: dt: 2684.12, sse: 293990.1 (0.029, 15.0, 0.453), neg: 166 (%0.021:%0.06), avgs: 1024
308: dt: 3543.58, sse: 290471.3 (0.029, 14.9, 0.450), neg: 174 (%0.022:%0.06), avgs: 1024
309: dt: 2217.51, sse: 287550.3 (0.029, 14.8, 0.448), neg: 170 (%0.021:%0.06), avgs: 1024
310: dt: 5251.74, sse: 284216.0 (0.030, 14.7, 0.445), neg: 182 (%0.022:%0.06), avgs: 1024
311: dt: 1974.45, sse: 281530.8 (0.029, 14.7, 0.443), neg: 175 (%0.022:%0.06), avgs: 1024
312: dt: 6143.18, sse: 278784.2 (0.030, 14.6, 0.441), neg: 191 (%0.023:%0.07), avgs: 1024
313: dt: 1849.31, sse: 276573.3 (0.029, 14.6, 0.439), neg: 182 (%0.022:%0.06), avgs: 1024
314: dt: 7427.53, sse: 274297.7 (0.030, 14.5, 0.437), neg: 190 (%0.024:%0.07), avgs: 1024
315: dt: 1771.15, sse: 272470.3 (0.029, 14.5, 0.436), neg: 188 (%0.023:%0.07), avgs: 1024
316: dt: 7862.71, sse: 270825.8 (0.030, 14.5, 0.434), neg: 191 (%0.024:%0.07), avgs: 1024
317: dt: 1743.93, sse: 269487.1 (0.030, 14.5, 0.433), neg: 191 (%0.024:%0.07), avgs: 1024
318: dt: 1163.99, sse: 263077.8 (0.031, 14.1, 0.428), neg: 199 (%0.027:%0.07), avgs: 256
319: dt: 827.74, sse: 261141.4 (0.030, 14.2, 0.426), neg: 195 (%0.026:%0.07), avgs: 256
320: dt: 1007.50, sse: 259996.1 (0.030, 14.1, 0.426), neg: 204 (%0.027:%0.07), avgs: 256
321: dt: 563.86, sse: 259430.8 (0.031, 14.1, 0.425), neg: 202 (%0.029:%0.07), avgs: 256
322: dt: 279.87, sse: 254245.2 (0.031, 13.9, 0.421), neg: 176 (%0.024:%0.06), avgs: 64
323: dt: 190.12, sse: 252473.0 (0.031, 14.0, 0.419), neg: 207 (%0.033:%0.08), avgs: 64
324: dt: 132.52, sse: 252119.3 (0.031, 13.9, 0.419), neg: 188 (%0.028:%0.07), avgs: 64
325: dt: 393.31, sse: 251004.3 (0.031, 13.9, 0.418), neg: 214 (%0.039:%0.08), avgs: 64
326: dt: 50.39, sse: 250784.0 (0.031, 13.9, 0.418), neg: 204 (%0.032:%0.08), avgs: 64
327: dt: 88.00, sse: 248866.7 (0.031, 13.8, 0.416), neg: 158 (%0.027:%0.06), avgs: 16
328: dt: 25.41, sse: 247975.0 (0.031, 13.8, 0.415), neg: 163 (%0.024:%0.06), avgs: 16
329: dt: 41.55, sse: 247158.2 (0.031, 13.8, 0.415), neg: 175 (%0.024:%0.06), avgs: 16
330: dt: 43.61, sse: 246608.4 (0.031, 13.8, 0.414), neg: 156 (%0.022:%0.06), avgs: 16
331: dt: 68.80, sse: 245877.3 (0.031, 13.7, 0.414), neg: 168 (%0.026:%0.06), avgs: 16
332: dt: 17.78, sse: 245668.5 (0.031, 13.7, 0.413), neg: 153 (%0.021:%0.05), avgs: 16
333: dt: 80.24, sse: 245240.9 (0.031, 13.7, 0.413), neg: 153 (%0.024:%0.05), avgs: 16
334: dt: 40.89, sse: 245023.6 (0.031, 13.7, 0.413), neg: 160 (%0.023:%0.06), avgs: 16
335: dt: 27.00, sse: 244765.2 (0.031, 13.7, 0.413), neg: 144 (%0.020:%0.05), avgs: 16
336: dt: 156.24, sse: 244182.2 (0.031, 13.7, 0.412), neg: 160 (%0.027:%0.06), avgs: 16
337: dt: 17.43, sse: 243892.1 (0.031, 13.7, 0.412), neg: 150 (%0.021:%0.05), avgs: 16
338: dt: 13.00, sse: 243847.8 (0.031, 13.7, 0.412), neg: 143 (%0.019:%0.05), avgs: 16
339: dt: 57.19, sse: 241774.6 (0.032, 13.5, 0.410), neg: 123 (%0.021:%0.05), avgs: 4
340: dt: 4.69, sse: 241108.5 (0.031, 13.4, 0.410), neg: 66 (%0.008:%0.02), avgs: 4
341: dt: 24.85, sse: 240068.9 (0.031, 13.4, 0.409), neg: 89 (%0.019:%0.03), avgs: 4
342: dt: 7.56, sse: 239551.2 (0.030, 13.4, 0.408), neg: 71 (%0.010:%0.03), avgs: 4
343: dt: 11.03, sse: 239286.1 (0.030, 13.3, 0.408), neg: 63 (%0.006:%0.02), avgs: 4
344: dt: 26.29, sse: 238825.7 (0.030, 13.3, 0.408), neg: 59 (%0.005:%0.02), avgs: 4
345: dt: 28.80, sse: 238384.8 (0.030, 13.3, 0.407), neg: 57 (%0.005:%0.02), avgs: 4
346: dt: 19.33, sse: 237989.8 (0.030, 13.2, 0.407), neg: 48 (%0.004:%0.02), avgs: 4
347: dt: 20.24, sse: 237695.1 (0.030, 13.2, 0.407), neg: 45 (%0.003:%0.02), avgs: 4
348: dt: 150.80, sse: 236723.5 (0.030, 13.2, 0.406), neg: 56 (%0.009:%0.02), avgs: 4
349: dt: 10.18, sse: 236268.2 (0.030, 13.1, 0.405), neg: 22 (%0.001:%0.01), avgs: 4
350: dt: 42.33, sse: 236051.2 (0.029, 13.1, 0.405), neg: 25 (%0.001:%0.01), avgs: 4
351: dt: 28.00, sse: 235880.1 (0.029, 13.1, 0.405), neg: 19 (%0.001:%0.01), avgs: 4
352: dt: 26.91, sse: 235739.9 (0.029, 13.1, 0.405), neg: 19 (%0.001:%0.01), avgs: 4
353: dt: 67.41, sse: 235562.2 (0.029, 13.1, 0.405), neg: 22 (%0.002:%0.01), avgs: 4
354: dt: 25.26, sse: 235385.7 (0.029, 13.1, 0.405), neg: 15 (%0.001:%0.01), avgs: 4
355: dt: 21.09, sse: 235282.5 (0.029, 13.1, 0.404), neg: 17 (%0.001:%0.01), avgs: 4
356: dt: 143.19, sse: 234981.1 (0.030, 13.0, 0.404), neg: 31 (%0.002:%0.01), avgs: 4
357: dt: 13.41, sse: 234791.0 (0.029, 13.0, 0.404), neg: 15 (%0.001:%0.01), avgs: 4
358: dt: 12.83, sse: 234726.5 (0.029, 13.0, 0.404), neg: 15 (%0.000:%0.01), avgs: 4
359: dt: 27.07, sse: 234417.0 (0.030, 13.1, 0.404), neg: 53 (%0.004:%0.01), avgs: 1
360: dt: 0.75, sse: 234415.5 (0.030, 13.1, 0.404), neg: 51 (%0.003:%0.01), avgs: 1
361: dt: 1.89, sse: 234040.4 (0.029, 12.9, 0.403), neg: 34 (%0.008:%0.01), avgs: 0
362: dt: 0.86, sse: 233947.4 (0.029, 12.9, 0.403), neg: 23 (%0.008:%0.01), avgs: 0
363: dt: 0.74, sse: 233880.8 (0.029, 12.9, 0.403), neg: 19 (%0.009:%0.00), avgs: 0
364: dt: 0.54, sse: 233826.6 (0.028, 12.9, 0.403), neg: 15 (%0.005:%0.00), avgs: 0
365: dt: 0.78, sse: 233768.0 (0.028, 12.9, 0.403), neg: 15 (%0.007:%0.00), avgs: 0
366: dt: 0.19, sse: 233738.9 (0.028, 12.8, 0.403), neg: 8 (%0.001:%0.00), avgs: 0
pass 0: epoch 1 of 3 starting distance error %11.53
tol=2.0e-01, sigma=0.0, host=unkno, nav=1024, nbrs=2, l_nlarea=1.000, l_dist=0.100
using quadratic fit line minimization

nlarea/dist = 10.000
367: dt: 4621.47, sse: 230771.4 (0.029, 12.5, 0.401), neg: 8 (%0.001:%0.00), avgs: 1024
368: dt: 2341.31, sse: 229735.0 (0.028, 12.6, 0.400), neg: 8 (%0.001:%0.00), avgs: 1024
369: dt: 3643.53, sse: 229177.3 (0.028, 12.6, 0.399), neg: 8 (%0.001:%0.00), avgs: 1024
370: dt: 2780.50, sse: 228670.8 (0.028, 12.6, 0.399), neg: 8 (%0.001:%0.00), avgs: 1024
371: dt: 2679.83, sse: 228353.4 (0.028, 12.5, 0.398), neg: 8 (%0.001:%0.00), avgs: 1024
372: dt: 1120.74, sse: 228011.1 (0.027, 12.5, 0.398), neg: 8 (%0.000:%0.00), avgs: 256
373: dt: 322.78, sse: 227917.5 (0.027, 12.5, 0.398), neg: 8 (%0.000:%0.00), avgs: 256
374: dt: 265.48, sse: 227791.1 (0.027, 12.5, 0.398), neg: 5 (%0.000:%0.00), avgs: 64
375: dt: 235.79, sse: 227735.2 (0.027, 12.5, 0.398), neg: 7 (%0.000:%0.00), avgs: 64
376: dt: 68.27, sse: 227673.2 (0.027, 12.5, 0.398), neg: 2 (%0.000:%0.00), avgs: 16
377: dt: 23.28, sse: 227656.3 (0.027, 12.5, 0.398), neg: 3 (%0.000:%0.00), avgs: 16
378: dt: 19.28, sse: 227615.7 (0.027, 12.5, 0.398), neg: 0 (%0.000:%0.00), avgs: 4
379: dt: 23.30, sse: 227580.7 (0.027, 12.5, 0.398), neg: 5 (%0.000:%0.00), avgs: 4
380: dt: 2.46, sse: 227579.6 (0.027, 12.5, 0.398), neg: 4 (%0.000:%0.00), avgs: 4
381: dt: 6.48, sse: 227569.5 (0.028, 12.5, 0.398), neg: 12 (%0.002:%0.00), avgs: 1
382: dt: 1.36, sse: 227505.5 (0.028, 12.5, 0.398), neg: 18 (%0.008:%0.00), avgs: 0
383: dt: 0.21, sse: 227477.6 (0.027, 12.5, 0.398), neg: 10 (%0.001:%0.00), avgs: 0
384: dt: 3.76, sse: 227350.0 (0.028, 12.5, 0.397), neg: 16 (%0.007:%0.00), avgs: 0
385: dt: 0.29, sse: 227325.4 (0.027, 12.5, 0.397), neg: 9 (%0.001:%0.00), avgs: 0
386: dt: 1.90, sse: 227282.4 (0.027, 12.5, 0.397), neg: 15 (%0.005:%0.00), avgs: 0
387: dt: 0.34, sse: 227260.1 (0.027, 12.5, 0.397), neg: 3 (%0.000:%0.00), avgs: 0
388: dt: 1.82, sse: 227226.8 (0.027, 12.5, 0.397), neg: 9 (%0.004:%0.00), avgs: 0
389: dt: 0.42, sse: 227210.3 (0.027, 12.5, 0.397), neg: 4 (%0.001:%0.00), avgs: 0
390: dt: 0.49, sse: 227199.5 (0.027, 12.5, 0.397), neg: 1 (%0.000:%0.00), avgs: 0
pass 0: epoch 2 of 3 starting distance error %11.29
tol=2.0e-01, sigma=0.0, host=unkno, nav=1024, nbrs=2, l_nlarea=1.000, l_dist=1.000
using quadratic fit line minimization

nlarea/dist = 1.000
391: dt: 348.44, sse: 2221529.2 (0.029, 12.2, 0.397), neg: 1 (%0.000:%0.00), avgs: 1024
392: dt: 679.38, sse: 2216033.8 (0.029, 12.3, 0.396), neg: 1 (%0.000:%0.00), avgs: 1024
393: dt: 280.12, sse: 2210737.0 (0.029, 12.2, 0.396), neg: 0 (%0.000:%0.00), avgs: 1024
394: dt: 341.33, sse: 2208464.8 (0.029, 12.2, 0.396), neg: 0 (%0.000:%0.00), avgs: 1024
395: dt: 115.10, sse: 2205295.8 (0.030, 12.1, 0.395), neg: 0 (%0.000:%0.00), avgs: 256
396: dt: 32.90, sse: 2204664.2 (0.030, 12.1, 0.395), neg: 0 (%0.000:%0.00), avgs: 256
397: dt: 24.44, sse: 2203375.5 (0.030, 12.1, 0.395), neg: 0 (%0.000:%0.00), avgs: 64
398: dt: 30.47, sse: 2202900.8 (0.030, 12.1, 0.395), neg: 0 (%0.000:%0.00), avgs: 64
399: dt: 9.62, sse: 2202227.8 (0.030, 12.1, 0.395), neg: 0 (%0.000:%0.00), avgs: 16
400: dt: 2.37, sse: 2202114.8 (0.030, 12.1, 0.395), neg: 0 (%0.000:%0.00), avgs: 16
401: dt: 2.20, sse: 2201855.0 (0.030, 12.1, 0.395), neg: 0 (%0.000:%0.00), avgs: 4
402: dt: 1.05, sse: 2201634.0 (0.030, 12.1, 0.395), neg: 0 (%0.000:%0.00), avgs: 1
403: dt: 1.00, sse: 2201590.0 (0.030, 12.1, 0.395), neg: 2 (%0.000:%0.00), avgs: 1
404: dt: 1.16, sse: 2200349.0 (0.031, 12.1, 0.395), neg: 2 (%0.000:%0.00), avgs: 0
405: dt: 0.79, sse: 2200287.8 (0.031, 12.2, 0.395), neg: 0 (%0.000:%0.00), avgs: 0
pass 0: epoch 3 of 3 starting distance error %11.25
tol=2.0e-01, sigma=0.0, host=unkno, nav=1024, nbrs=2, l_nlarea=0.100, l_dist=1.000
using quadratic fit line minimization

nlarea/dist = 0.100
406: dt: 1660.10, sse: 2189427.2 (0.032, 12.0, 0.394), neg: 0 (%0.000:%0.00), avgs: 1024
407: dt: 220.28, sse: 2186888.5 (0.032, 12.1, 0.394), neg: 0 (%0.000:%0.00), avgs: 1024
408: dt: 40.62, sse: 2186495.5 (0.032, 12.1, 0.394), neg: 0 (%0.000:%0.00), avgs: 256
409: dt: 37.80, sse: 2186171.0 (0.032, 12.1, 0.394), neg: 0 (%0.000:%0.00), avgs: 64
410: dt: 2.95, sse: 2186128.8 (0.032, 12.1, 0.394), neg: 0 (%0.000:%0.00), avgs: 16
411: dt: 2.97, sse: 2186089.2 (0.032, 12.1, 0.394), neg: 0 (%0.000:%0.00), avgs: 4
412: dt: 2.28, sse: 2186047.5 (0.032, 12.1, 0.394), neg: 0 (%0.000:%0.00), avgs: 1
413: dt: 0.00, sse: 2186047.5 (0.032, 12.1, 0.394), neg: 0 (%0.000:%0.00), avgs: 0
starting distance error %11.26
smoothing final surface...
414: dt: 0.50, sse: 648199.6 (0.031, 11.9, 0.394), neg: 0 (%0.000:%0.00), avgs: 0
415: dt: 0.50, sse: 647962.0 (0.031, 11.9, 0.394), neg: 0 (%0.000:%0.00), avgs: 0
416: dt: 0.50, sse: 647857.9 (0.031, 11.9, 0.394), neg: 0 (%0.000:%0.00), avgs: 0
417: dt: 0.50, sse: 647825.3 (0.031, 11.9, 0.395), neg: 0 (%0.000:%0.00), avgs: 0
418: dt: 0.50, sse: 647845.8 (0.031, 11.9, 0.395), neg: 0 (%0.000:%0.00), avgs: 0
unfolding took 4.07 hours
418: dt: 0.00, sse: 647845.8 (0.031, 11.9, 0.395), neg: 0 (%0.000:%0.00), avgs: 0
final distance error %11.29
