tol=2.0e-01, sigma=0.0, host=unkno, nav=1024, nbrs=2, l_nlarea=1.000, l_dist=1.000
using quadratic fit line minimization

3: 12 | 4: 12 | 5: 12 | 6: 12 | 7: 12 | 
nlarea/dist = 1000000.000
000: dt: 0.00, sse: 127827.4 (1.238, 72.4, 4.904), neg: 96447 (%38.173:%36.74), avgs: 1024
001: dt: 273.59, sse: 48784.2 (0.864, 68.0, 4.239), neg: 85966 (%20.151:%32.62), avgs: 1024
002: dt: 229.84, sse: 27357.6 (0.704, 65.7, 4.031), neg: 81890 (%13.154:%30.64), avgs: 1024
003: dt: 333.64, sse: 22687.1 (0.666, 63.9, 3.948), neg: 79234 (%11.214:%28.80), avgs: 1024
004: dt: 338.75, sse: 21032.8 (0.645, 64.5, 3.889), neg: 86232 (%10.404:%31.54), avgs: 1024
005: dt: 104.89, sse: 20999.7 (0.641, 64.9, 3.875), neg: 88055 (%10.392:%32.19), avgs: 1024
006: dt: 98.27, sse: 18936.1 (0.630, 64.5, 3.854), neg: 82780 (%9.073:%29.76), avgs: 256
007: dt: 41.35, sse: 18384.6 (0.627, 64.7, 3.848), neg: 85172 (%8.676:%30.35), avgs: 256
008: dt: 49.01, sse: 18227.3 (0.626, 65.0, 3.843), neg: 87529 (%8.486:%31.25), avgs: 256
009: dt: 45.62, sse: 18108.3 (0.625, 65.0, 3.839), neg: 87702 (%8.398:%31.27), avgs: 256
010: dt: 53.27, sse: 17945.6 (0.623, 65.1, 3.835), neg: 89140 (%8.239:%31.81), avgs: 256
011: dt: 23.54, sse: 17882.5 (0.622, 65.2, 3.833), neg: 90225 (%8.165:%32.20), avgs: 256
012: dt: 246.84, sse: 17595.7 (0.617, 65.8, 3.815), neg: 95731 (%7.838:%34.36), avgs: 256
013: dt: 18.51, sse: 17563.4 (0.616, 65.9, 3.814), neg: 96564 (%7.797:%34.69), avgs: 256
014: dt: 30.14, sse: 16738.6 (0.613, 65.5, 3.809), neg: 92428 (%7.279:%33.04), avgs: 64
015: dt: 9.81, sse: 16391.8 (0.611, 65.6, 3.809), neg: 94130 (%6.981:%33.74), avgs: 64
016: dt: 8.51, sse: 16292.2 (0.611, 65.7, 3.808), neg: 95147 (%6.890:%34.13), avgs: 64
017: dt: 11.14, sse: 16181.9 (0.610, 65.6, 3.808), neg: 94794 (%6.805:%34.00), avgs: 64
018: dt: 7.73, sse: 16097.4 (0.610, 65.6, 3.808), neg: 95138 (%6.721:%34.10), avgs: 64
019: dt: 11.76, sse: 16004.9 (0.610, 65.5, 3.807), neg: 94550 (%6.653:%33.90), avgs: 64
020: dt: 7.90, sse: 15928.2 (0.609, 65.5, 3.807), neg: 94647 (%6.574:%33.90), avgs: 64
021: dt: 9.88, sse: 15853.9 (0.609, 65.5, 3.807), neg: 94390 (%6.512:%33.83), avgs: 64
022: dt: 8.33, sse: 15787.8 (0.609, 65.5, 3.807), neg: 94377 (%6.446:%33.77), avgs: 64
023: dt: 8.79, sse: 15724.6 (0.609, 65.4, 3.806), neg: 94286 (%6.387:%33.76), avgs: 64
024: dt: 10.82, sse: 15664.5 (0.608, 65.4, 3.806), neg: 93640 (%6.339:%33.47), avgs: 64
025: dt: 7.35, sse: 15605.4 (0.608, 65.4, 3.806), neg: 94103 (%6.273:%33.66), avgs: 64
026: dt: 11.03, sse: 15548.4 (0.608, 65.3, 3.806), neg: 93377 (%6.226:%33.33), avgs: 64
027: dt: 7.40, sse: 15497.8 (0.607, 65.3, 3.806), neg: 93822 (%6.170:%33.52), avgs: 64
028: dt: 11.91, sse: 15444.2 (0.607, 65.3, 3.806), neg: 92917 (%6.128:%33.12), avgs: 64
029: dt: 7.70, sse: 15397.5 (0.607, 65.3, 3.806), neg: 93249 (%6.076:%33.27), avgs: 64
030: dt: 11.91, sse: 15352.0 (0.607, 65.2, 3.806), neg: 92370 (%6.043:%32.89), avgs: 64
031: dt: 6.54, sse: 15305.2 (0.606, 65.2, 3.806), neg: 93110 (%5.982:%33.17), avgs: 64
032: dt: 16.32, sse: 15253.8 (0.606, 65.1, 3.805), neg: 91759 (%5.951:%32.62), avgs: 64
033: dt: 6.59, sse: 15206.3 (0.606, 65.1, 3.805), neg: 92532 (%5.887:%32.91), avgs: 64
034: dt: 12.04, sse: 15164.9 (0.606, 65.1, 3.805), neg: 91704 (%5.854:%32.55), avgs: 64
035: dt: 7.79, sse: 15129.5 (0.605, 65.1, 3.805), neg: 91951 (%5.812:%32.67), avgs: 64
036: dt: 17.33, sse: 15108.4 (0.605, 65.0, 3.805), neg: 90497 (%5.823:%32.09), avgs: 64
037: dt: 5.27, sse: 15039.8 (0.605, 65.0, 3.805), neg: 91534 (%5.718:%32.42), avgs: 64
038: dt: 62.10, sse: 14919.3 (0.604, 64.8, 3.805), neg: 88814 (%5.647:%31.38), avgs: 64
039: dt: 5.44, sse: 14817.2 (0.603, 64.9, 3.805), neg: 90130 (%5.489:%31.83), avgs: 64
040: dt: 19.94, sse: 14783.3 (0.603, 64.8, 3.805), neg: 88898 (%5.475:%31.34), avgs: 64
041: dt: 6.10, sse: 14750.9 (0.603, 64.9, 3.805), neg: 89478 (%5.424:%31.52), avgs: 64
042: dt: 18.22, sse: 14718.1 (0.602, 64.8, 3.806), neg: 88354 (%5.407:%31.09), avgs: 64
043: dt: 5.59, sse: 14689.0 (0.602, 64.8, 3.806), neg: 89058 (%5.359:%31.33), avgs: 64
044: dt: 8.62, sse: 14398.2 (0.601, 64.6, 3.806), neg: 86975 (%5.180:%30.52), avgs: 16
045: dt: 3.31, sse: 14215.6 (0.600, 64.6, 3.806), neg: 87642 (%5.005:%30.79), avgs: 16
046: dt: 2.00, sse: 14161.8 (0.600, 64.6, 3.806), neg: 88457 (%4.935:%31.03), avgs: 16
047: dt: 4.77, sse: 14104.9 (0.600, 64.5, 3.806), neg: 87614 (%4.906:%30.72), avgs: 16
048: dt: 1.66, sse: 14054.4 (0.600, 64.6, 3.806), neg: 88312 (%4.832:%30.97), avgs: 16
049: dt: 3.66, sse: 14011.8 (0.600, 64.5, 3.806), neg: 87290 (%4.817:%30.58), avgs: 16
050: dt: 1.67, sse: 13968.7 (0.600, 64.5, 3.806), neg: 87835 (%4.753:%30.77), avgs: 16
051: dt: 3.26, sse: 13933.8 (0.600, 64.5, 3.806), neg: 87010 (%4.738:%30.46), avgs: 16
052: dt: 1.78, sse: 13895.1 (0.599, 64.4, 3.806), neg: 87446 (%4.685:%30.62), avgs: 16
053: dt: 2.73, sse: 13864.7 (0.599, 64.4, 3.806), neg: 86774 (%4.667:%30.35), avgs: 16
054: dt: 2.01, sse: 13830.6 (0.599, 64.4, 3.806), neg: 86952 (%4.625:%30.42), avgs: 16
055: dt: 2.28, sse: 13803.3 (0.599, 64.4, 3.806), neg: 86584 (%4.605:%30.26), avgs: 16
056: dt: 2.37, sse: 13771.4 (0.599, 64.3, 3.806), neg: 86457 (%4.572:%30.23), avgs: 16
057: dt: 1.94, sse: 13745.2 (0.599, 64.3, 3.806), neg: 86437 (%4.546:%30.18), avgs: 16
058: dt: 2.89, sse: 13713.4 (0.599, 64.3, 3.807), neg: 85978 (%4.519:%30.05), avgs: 16
059: dt: 1.69, sse: 13686.8 (0.599, 64.3, 3.807), neg: 86222 (%4.488:%30.07), avgs: 16
060: dt: 3.83, sse: 13652.2 (0.599, 64.2, 3.807), neg: 85388 (%4.467:%29.82), avgs: 16
061: dt: 1.47, sse: 13622.3 (0.599, 64.2, 3.807), neg: 85914 (%4.424:%29.93), avgs: 16
062: dt: 5.90, sse: 13577.1 (0.599, 64.1, 3.807), neg: 84660 (%4.403:%29.53), avgs: 16
063: dt: 1.31, sse: 13539.5 (0.598, 64.2, 3.807), neg: 85347 (%4.341:%29.68), avgs: 16
064: dt: 15.41, sse: 13445.7 (0.598, 63.9, 3.808), neg: 83039 (%4.303:%28.89), avgs: 16
065: dt: 1.24, sse: 13362.0 (0.598, 64.0, 3.808), neg: 83909 (%4.166:%29.06), avgs: 16
066: dt: 100.83, sse: 12827.8 (0.596, 63.0, 3.813), neg: 74332 (%3.763:%25.41), avgs: 16
067: dt: 1.52, sse: 12488.7 (0.595, 62.9, 3.813), neg: 74018 (%3.313:%25.08), avgs: 16
068: dt: 2.71, sse: 12463.1 (0.595, 62.9, 3.813), neg: 73363 (%3.280:%24.81), avgs: 16
069: dt: 1.75, sse: 12448.4 (0.595, 62.9, 3.813), neg: 73476 (%3.262:%24.79), avgs: 16
070: dt: 4.64, sse: 12427.0 (0.595, 62.9, 3.813), neg: 72857 (%3.259:%24.62), avgs: 16
071: dt: 0.44, sse: 12417.8 (0.595, 62.8, 3.813), neg: 73004 (%3.241:%24.64), avgs: 16
072: dt: 1.72, sse: 12405.5 (0.595, 62.8, 3.813), neg: 73112 (%3.226:%24.63), avgs: 16
073: dt: 5.47, sse: 12383.8 (0.595, 62.8, 3.813), neg: 72495 (%3.225:%24.47), avgs: 16
074: dt: 1.13, sse: 12301.6 (0.594, 62.8, 3.813), neg: 72846 (%3.152:%24.57), avgs: 4
075: dt: 0.94, sse: 12236.2 (0.594, 62.8, 3.813), neg: 72886 (%3.082:%24.56), avgs: 4
076: dt: 1.23, sse: 12201.8 (0.594, 62.7, 3.813), neg: 72485 (%3.074:%24.42), avgs: 4
077: dt: 0.45, sse: 12151.9 (0.594, 62.7, 3.813), neg: 72622 (%2.999:%24.39), avgs: 4
078: dt: 1.62, sse: 12107.6 (0.594, 62.6, 3.813), neg: 72042 (%2.987:%24.25), avgs: 4
079: dt: 0.49, sse: 12067.9 (0.594, 62.6, 3.813), neg: 71907 (%2.929:%24.15), avgs: 4
080: dt: 0.34, sse: 12050.7 (0.594, 62.6, 3.813), neg: 72083 (%2.906:%24.17), avgs: 4
081: dt: 26.33, sse: 11672.7 (0.594, 61.7, 3.815), neg: 63990 (%2.770:%21.37), avgs: 4
082: dt: 0.46, sse: 11448.1 (0.593, 61.6, 3.815), neg: 63903 (%2.543:%21.29), avgs: 4
083: dt: 0.52, sse: 11371.8 (0.592, 61.5, 3.815), neg: 63928 (%2.450:%21.27), avgs: 4
084: dt: 0.64, sse: 11331.3 (0.592, 61.5, 3.815), neg: 63620 (%2.398:%21.15), avgs: 4
085: dt: 0.43, sse: 11311.1 (0.592, 61.5, 3.815), neg: 63586 (%2.370:%21.08), avgs: 4
086: dt: 3.52, sse: 11247.8 (0.592, 61.3, 3.815), neg: 62100 (%2.353:%20.62), avgs: 4
087: dt: 0.40, sse: 11196.4 (0.592, 61.3, 3.815), neg: 61956 (%2.272:%20.47), avgs: 4
088: dt: 1.27, sse: 11172.3 (0.592, 61.2, 3.815), neg: 61411 (%2.260:%20.29), avgs: 4
089: dt: 0.40, sse: 11154.9 (0.592, 61.2, 3.816), neg: 61345 (%2.230:%20.21), avgs: 4
090: dt: 4.84, sse: 11096.8 (0.592, 61.0, 3.816), neg: 59776 (%2.230:%19.71), avgs: 4
091: dt: 0.50, sse: 11052.1 (0.592, 61.0, 3.816), neg: 59378 (%2.157:%19.50), avgs: 4
092: dt: 0.63, sse: 11038.1 (0.592, 61.0, 3.816), neg: 59201 (%2.140:%19.43), avgs: 4
093: dt: 0.43, sse: 11026.8 (0.591, 61.0, 3.816), neg: 59185 (%2.123:%19.37), avgs: 4
094: dt: 2.85, sse: 10999.8 (0.591, 60.9, 3.816), neg: 58392 (%2.136:%19.16), avgs: 4
095: dt: 0.35, sse: 10971.5 (0.591, 60.9, 3.816), neg: 58451 (%2.078:%19.08), avgs: 4
096: dt: 51.05, sse: 10592.1 (0.591, 59.8, 3.819), neg: 48554 (%2.030:%15.62), avgs: 4
097: dt: 0.52, sse: 10338.9 (0.590, 59.7, 3.819), neg: 48047 (%1.753:%15.38), avgs: 4
098: dt: 1.24, sse: 10283.7 (0.590, 59.7, 3.819), neg: 47068 (%1.695:%15.01), avgs: 4
099: dt: 0.26, sse: 10237.9 (0.590, 59.6, 3.819), neg: 46826 (%1.625:%14.89), avgs: 4
100: dt: 0.34, sse: 10221.4 (0.589, 59.6, 3.819), neg: 46543 (%1.598:%14.74), avgs: 4
101: dt: 1.73, sse: 10200.0 (0.589, 59.6, 3.819), neg: 46252 (%1.585:%14.64), avgs: 4
102: dt: 0.68, sse: 10185.2 (0.589, 59.6, 3.819), neg: 45952 (%1.563:%14.51), avgs: 4
103: dt: 1.10, sse: 10173.6 (0.589, 59.6, 3.819), neg: 45887 (%1.558:%14.50), avgs: 4
104: dt: 0.28, sse: 10160.5 (0.589, 59.5, 3.819), neg: 45523 (%1.545:%14.37), avgs: 1
105: dt: 0.22, sse: 10155.3 (0.589, 59.5, 3.819), neg: 45521 (%1.541:%14.36), avgs: 1
106: dt: 0.03, sse: 10154.9 (0.589, 59.5, 3.819), neg: 45536 (%1.540:%14.36), avgs: 1
107: dt: 0.15, sse: 10118.2 (0.589, 59.5, 3.819), neg: 44991 (%1.525:%14.22), avgs: 0
108: dt: 0.02, sse: 10111.7 (0.589, 59.5, 3.819), neg: 44915 (%1.515:%14.18), avgs: 0
109: dt: 0.08, sse: 10103.0 (0.589, 59.5, 3.819), neg: 44778 (%1.510:%14.14), avgs: 0
110: dt: 0.02, sse: 10100.2 (0.589, 59.4, 3.819), neg: 44735 (%1.505:%14.12), avgs: 0
111: dt: 0.18, sse: 10092.8 (0.589, 59.4, 3.819), neg: 44671 (%1.511:%14.12), avgs: 0
112: dt: 0.02, sse: 10088.9 (0.589, 59.4, 3.819), neg: 44617 (%1.502:%14.08), avgs: 0
113: dt: 0.03, sse: 10087.1 (0.589, 59.4, 3.819), neg: 44589 (%1.499:%14.07), avgs: 0
114: dt: 0.32, sse: 10079.6 (0.589, 59.4, 3.819), neg: 44561 (%1.506:%14.08), avgs: 0
115: dt: 0.02, sse: 10075.9 (0.589, 59.4, 3.819), neg: 44516 (%1.497:%14.05), avgs: 0
116: dt: 0.03, sse: 10074.3 (0.589, 59.4, 3.819), neg: 44468 (%1.493:%14.03), avgs: 0
117: dt: 0.21, sse: 10070.7 (0.589, 59.4, 3.819), neg: 44405 (%1.497:%14.02), avgs: 0
118: dt: 0.02, sse: 10068.5 (0.589, 59.4, 3.819), neg: 44374 (%1.491:%14.00), avgs: 0
119: dt: 0.12, sse: 10066.3 (0.589, 59.4, 3.819), neg: 44401 (%1.493:%14.02), avgs: 0
120: dt: 0.03, sse: 10064.9 (0.589, 59.4, 3.819), neg: 44346 (%1.489:%13.99), avgs: 0
nlarea/dist = 100000.000
121: dt: 1928.59, sse: 7097.0 (0.553, 50.1, 3.760), neg: 17877 (%0.662:%5.48), avgs: 1024
122: dt: 666.58, sse: 5674.6 (0.532, 46.7, 3.731), neg: 4524 (%0.103:%1.48), avgs: 1024
123: dt: 591.85, sse: 5161.7 (0.526, 46.1, 3.725), neg: 1023 (%0.013:%0.30), avgs: 1024
124: dt: 3375.72, sse: 4806.3 (0.518, 45.3, 3.709), neg: 190 (%0.002:%0.06), avgs: 1024
125: dt: 926.03, sse: 4732.0 (0.518, 45.2, 3.709), neg: 146 (%0.002:%0.04), avgs: 1024
126: dt: 1253.54, sse: 4716.0 (0.518, 45.2, 3.709), neg: 134 (%0.001:%0.04), avgs: 1024
127: dt: 393.93, sse: 4699.0 (0.518, 45.1, 3.708), neg: 95 (%0.001:%0.03), avgs: 256
128: dt: 240.00, sse: 4698.2 (0.518, 45.1, 3.707), neg: 89 (%0.001:%0.03), avgs: 256
129: dt: 26.18, sse: 4697.8 (0.518, 45.1, 3.707), neg: 83 (%0.001:%0.02), avgs: 64
130: dt: 2.40, sse: 4697.7 (0.518, 45.1, 3.707), neg: 82 (%0.001:%0.02), avgs: 16
131: dt: 1.58, sse: 4697.0 (0.518, 45.1, 3.707), neg: 76 (%0.001:%0.02), avgs: 4
132: dt: 1.31, sse: 4696.2 (0.518, 45.1, 3.707), neg: 60 (%0.000:%0.02), avgs: 1
133: dt: 0.51, sse: 4694.6 (0.518, 45.1, 3.707), neg: 44 (%0.000:%0.01), avgs: 0
134: dt: 0.11, sse: 4694.2 (0.518, 45.1, 3.707), neg: 41 (%0.000:%0.01), avgs: 0
nlarea/dist = 1000.000
135: dt: 90862.93, sse: 172545.3 (0.519, 48.3, 3.417), neg: 27045 (%3.763:%10.11), avgs: 1024
136: dt: 380.86, sse: 166494.7 (0.502, 46.0, 3.381), neg: 17251 (%2.082:%6.39), avgs: 1024
137: dt: 393.39, sse: 161863.8 (0.485, 41.8, 3.356), neg: 7981 (%0.611:%2.67), avgs: 1024
138: dt: 520.44, sse: 160116.9 (0.479, 41.1, 3.345), neg: 2521 (%0.082:%0.76), avgs: 1024
139: dt: 3032.70, sse: 156889.4 (0.472, 40.2, 3.310), neg: 4145 (%0.515:%1.45), avgs: 1024
140: dt: 459.73, sse: 155353.2 (0.464, 39.3, 3.302), neg: 329 (%0.007:%0.10), avgs: 1024
141: dt: 8579.95, sse: 153362.1 (0.464, 40.7, 3.273), neg: 4724 (%0.220:%1.73), avgs: 1024
142: dt: 761.69, sse: 152194.8 (0.461, 39.6, 3.266), neg: 346 (%0.007:%0.11), avgs: 1024
143: dt: 3034.49, sse: 151263.8 (0.460, 39.8, 3.255), neg: 493 (%0.010:%0.13), avgs: 1024
144: dt: 5553.50, sse: 149696.8 (0.459, 39.8, 3.238), neg: 646 (%0.014:%0.22), avgs: 1024
145: dt: 3887.80, sse: 148509.1 (0.458, 40.0, 3.225), neg: 125 (%0.002:%0.04), avgs: 1024
146: dt: 4757.07, sse: 147662.6 (0.457, 40.6, 3.212), neg: 1639 (%0.078:%0.58), avgs: 1024
147: dt: 1270.86, sse: 146928.4 (0.454, 39.8, 3.208), neg: 90 (%0.002:%0.03), avgs: 1024
148: dt: 3215.61, sse: 146089.1 (0.458, 40.3, 3.195), neg: 969 (%0.030:%0.24), avgs: 256
149: dt: 604.39, sse: 145313.2 (0.455, 39.9, 3.189), neg: 112 (%0.002:%0.03), avgs: 256
150: dt: 1006.64, sse: 145096.2 (0.456, 40.1, 3.186), neg: 96 (%0.002:%0.03), avgs: 256
151: dt: 203.06, sse: 144841.0 (0.456, 40.1, 3.183), neg: 149 (%0.003:%0.06), avgs: 64
152: dt: 92.00, sse: 144658.6 (0.456, 40.0, 3.181), neg: 100 (%0.001:%0.04), avgs: 64
153: dt: 149.33, sse: 144553.9 (0.456, 40.1, 3.179), neg: 220 (%0.009:%0.07), avgs: 64
154: dt: 19.61, sse: 144497.3 (0.457, 40.1, 3.178), neg: 269 (%0.020:%0.10), avgs: 16
155: dt: 1.29, sse: 144470.3 (0.457, 40.1, 3.178), neg: 158 (%0.005:%0.05), avgs: 4
156: dt: 0.92, sse: 144461.4 (0.456, 40.1, 3.178), neg: 131 (%0.005:%0.04), avgs: 1
157: dt: 0.09, sse: 144458.5 (0.456, 40.1, 3.178), neg: 119 (%0.003:%0.04), avgs: 0
nlarea/dist = 100.000
158: dt: 38391.48, sse: 830537.2 (0.346, 35.0, 2.423), neg: 7552 (%0.670:%2.75), avgs: 1024
159: dt: 1448.54, sse: 798650.6 (0.341, 31.6, 2.378), neg: 2437 (%0.116:%0.86), avgs: 1024
160: dt: 11347.64, sse: 692220.2 (0.297, 31.2, 2.213), neg: 4551 (%0.595:%1.87), avgs: 1024
161: dt: 1199.75, sse: 673255.1 (0.294, 29.6, 2.184), neg: 1883 (%0.089:%0.76), avgs: 1024
162: dt: 6853.09, sse: 633333.5 (0.282, 29.7, 2.117), neg: 2118 (%0.163:%0.66), avgs: 1024
163: dt: 6202.33, sse: 599877.2 (0.279, 29.3, 2.061), neg: 1827 (%0.109:%0.69), avgs: 1024
164: dt: 5020.64, sse: 567382.2 (0.257, 28.6, 2.004), neg: 630 (%0.039:%0.20), avgs: 1024
165: dt: 13686.04, sse: 516532.9 (0.243, 29.3, 1.911), neg: 1934 (%0.160:%0.64), avgs: 1024
166: dt: 3698.48, sse: 492286.9 (0.238, 27.5, 1.866), neg: 777 (%0.052:%0.25), avgs: 1024
167: dt: 13793.37, sse: 446165.8 (0.217, 30.1, 1.773), neg: 5441 (%1.518:%1.93), avgs: 1024
168: dt: 552.44, sse: 432642.9 (0.205, 27.5, 1.749), neg: 754 (%0.050:%0.29), avgs: 1024
169: dt: 7090.51, sse: 414839.1 (0.206, 27.1, 1.712), neg: 683 (%0.051:%0.21), avgs: 1024
170: dt: 10396.99, sse: 383503.4 (0.185, 28.2, 1.645), neg: 2722 (%0.275:%0.91), avgs: 1024
171: dt: 1577.33, sse: 374364.8 (0.179, 27.0, 1.626), neg: 303 (%0.019:%0.10), avgs: 1024
172: dt: 39830.50, sse: 313222.5 (0.196, 31.0, 1.478), neg: 6855 (%3.382:%2.46), avgs: 1024
173: dt: 430.60, sse: 291316.0 (0.155, 26.9, 1.431), neg: 1119 (%0.115:%0.39), avgs: 1024
174: dt: 6274.02, sse: 276456.1 (0.146, 27.2, 1.394), neg: 1675 (%0.196:%0.59), avgs: 1024
175: dt: 2713.35, sse: 268526.9 (0.138, 26.4, 1.374), neg: 267 (%0.017:%0.09), avgs: 1024
176: dt: 16924.10, sse: 246473.1 (0.141, 26.0, 1.315), neg: 1461 (%0.099:%0.49), avgs: 1024
177: dt: 4769.82, sse: 235367.2 (0.125, 25.6, 1.285), neg: 336 (%0.030:%0.10), avgs: 1024
178: dt: 18275.88, sse: 217954.5 (0.117, 25.6, 1.235), neg: 672 (%0.034:%0.20), avgs: 1024
179: dt: 8753.56, sse: 207065.3 (0.114, 25.7, 1.202), neg: 2084 (%0.300:%0.60), avgs: 1024
180: dt: 1945.04, sse: 203935.9 (0.119, 24.3, 1.194), neg: 273 (%0.015:%0.09), avgs: 1024
181: dt: 25674.00, sse: 186336.0 (0.104, 26.1, 1.139), neg: 1441 (%0.111:%0.44), avgs: 1024
182: dt: 3187.76, sse: 180227.1 (0.101, 24.2, 1.120), neg: 370 (%0.022:%0.12), avgs: 1024
183: dt: 10419.34, sse: 174278.2 (0.096, 24.6, 1.101), neg: 409 (%0.034:%0.12), avgs: 1024
184: dt: 14991.03, sse: 166816.9 (0.092, 24.5, 1.076), neg: 336 (%0.019:%0.11), avgs: 1024
185: dt: 8100.91, sse: 160751.5 (0.090, 24.0, 1.056), neg: 369 (%0.032:%0.11), avgs: 1024
186: dt: 11230.28, sse: 156392.4 (0.088, 24.0, 1.041), neg: 269 (%0.017:%0.09), avgs: 1024
187: dt: 13703.37, sse: 150948.0 (0.085, 24.1, 1.022), neg: 555 (%0.045:%0.15), avgs: 1024
188: dt: 2121.50, sse: 141096.1 (0.094, 23.4, 0.987), neg: 846 (%0.115:%0.30), avgs: 256
189: dt: 592.96, sse: 136300.0 (0.083, 23.2, 0.970), neg: 698 (%0.049:%0.24), avgs: 256
190: dt: 1028.04, sse: 132363.8 (0.077, 23.0, 0.955), neg: 441 (%0.028:%0.15), avgs: 256
191: dt: 1435.74, sse: 128556.9 (0.074, 22.9, 0.941), neg: 333 (%0.024:%0.10), avgs: 256
192: dt: 2314.82, sse: 124331.5 (0.071, 23.0, 0.925), neg: 380 (%0.020:%0.11), avgs: 256
193: dt: 1890.86, sse: 121105.2 (0.068, 22.8, 0.912), neg: 246 (%0.018:%0.08), avgs: 256
194: dt: 2191.60, sse: 118394.5 (0.066, 22.8, 0.901), neg: 860 (%0.090:%0.22), avgs: 256
195: dt: 352.09, sse: 117569.2 (0.066, 22.5, 0.898), neg: 236 (%0.016:%0.07), avgs: 256
196: dt: 4052.26, sse: 114289.3 (0.067, 22.7, 0.884), neg: 1376 (%0.271:%0.36), avgs: 256
197: dt: 144.24, sse: 113500.5 (0.064, 22.4, 0.882), neg: 246 (%0.016:%0.08), avgs: 256
198: dt: 3667.23, sse: 110906.0 (0.064, 22.4, 0.871), neg: 634 (%0.069:%0.17), avgs: 256
199: dt: 422.46, sse: 110206.5 (0.063, 22.2, 0.869), neg: 237 (%0.015:%0.07), avgs: 256
200: dt: 2306.52, sse: 108630.0 (0.061, 22.3, 0.862), neg: 577 (%0.046:%0.15), avgs: 256
201: dt: 679.59, sse: 107911.3 (0.061, 22.0, 0.859), neg: 242 (%0.016:%0.08), avgs: 256
202: dt: 3566.50, sse: 106372.6 (0.061, 22.4, 0.852), neg: 1104 (%0.147:%0.29), avgs: 256
203: dt: 315.59, sse: 105894.3 (0.062, 22.0, 0.851), neg: 222 (%0.014:%0.07), avgs: 256
204: dt: 2317.26, sse: 104604.4 (0.061, 22.0, 0.845), neg: 404 (%0.031:%0.11), avgs: 256
205: dt: 718.08, sse: 103997.5 (0.060, 21.8, 0.843), neg: 215 (%0.013:%0.07), avgs: 256
206: dt: 7260.80, sse: 101880.4 (0.065, 22.7, 0.832), neg: 1932 (%0.589:%0.54), avgs: 256
207: dt: 121.28, sse: 100780.8 (0.059, 22.2, 0.828), neg: 450 (%0.024:%0.14), avgs: 256
208: dt: 740.90, sse: 99910.9 (0.058, 21.9, 0.825), neg: 403 (%0.034:%0.11), avgs: 256
209: dt: 978.60, sse: 99548.5 (0.057, 21.8, 0.823), neg: 207 (%0.013:%0.07), avgs: 256
210: dt: 4639.87, sse: 98176.1 (0.060, 22.1, 0.816), neg: 1315 (%0.310:%0.35), avgs: 256
211: dt: 142.40, sse: 97542.9 (0.056, 21.7, 0.814), neg: 233 (%0.018:%0.07), avgs: 256
212: dt: 2504.56, sse: 97065.9 (0.056, 21.8, 0.812), neg: 290 (%0.017:%0.08), avgs: 256
213: dt: 1003.14, sse: 96554.0 (0.057, 21.6, 0.810), neg: 207 (%0.014:%0.06), avgs: 256
214: dt: 2141.62, sse: 95768.6 (0.056, 21.7, 0.806), neg: 564 (%0.048:%0.14), avgs: 256
215: dt: 508.85, sse: 95360.8 (0.055, 21.5, 0.805), neg: 209 (%0.015:%0.06), avgs: 256
216: dt: 2738.51, sse: 94869.7 (0.055, 21.8, 0.802), neg: 603 (%0.046:%0.15), avgs: 256
217: dt: 429.71, sse: 94566.8 (0.055, 21.5, 0.801), neg: 205 (%0.014:%0.06), avgs: 256
218: dt: 1213.77, sse: 85735.9 (0.058, 21.5, 0.760), neg: 1273 (%0.386:%0.34), avgs: 64
219: dt: 50.39, sse: 84162.8 (0.050, 21.0, 0.753), neg: 349 (%0.028:%0.10), avgs: 64
220: dt: 263.29, sse: 82818.5 (0.049, 20.7, 0.747), neg: 264 (%0.023:%0.07), avgs: 64
221: dt: 251.19, sse: 81936.7 (0.048, 20.6, 0.743), neg: 188 (%0.019:%0.05), avgs: 64
222: dt: 340.99, sse: 81123.9 (0.049, 20.5, 0.739), neg: 119 (%0.005:%0.03), avgs: 64
223: dt: 1006.85, sse: 79184.8 (0.048, 20.6, 0.729), neg: 536 (%0.082:%0.16), avgs: 64
224: dt: 121.57, sse: 78413.1 (0.045, 20.3, 0.726), neg: 126 (%0.008:%0.04), avgs: 64
225: dt: 417.88, sse: 77734.7 (0.043, 20.3, 0.723), neg: 141 (%0.008:%0.04), avgs: 64
226: dt: 403.53, sse: 77220.2 (0.042, 20.3, 0.720), neg: 185 (%0.010:%0.06), avgs: 64
227: dt: 472.98, sse: 76751.2 (0.043, 20.3, 0.718), neg: 201 (%0.017:%0.06), avgs: 64
228: dt: 207.57, sse: 76480.1 (0.042, 20.2, 0.716), neg: 138 (%0.006:%0.04), avgs: 64
229: dt: 424.12, sse: 76047.4 (0.042, 20.2, 0.714), neg: 371 (%0.041:%0.10), avgs: 64
230: dt: 52.40, sse: 75904.2 (0.041, 20.1, 0.714), neg: 124 (%0.007:%0.04), avgs: 64
231: dt: 890.29, sse: 75295.9 (0.044, 20.3, 0.710), neg: 901 (%0.156:%0.24), avgs: 64
232: dt: 41.87, sse: 75014.7 (0.041, 20.2, 0.709), neg: 333 (%0.023:%0.09), avgs: 64
233: dt: 106.67, sse: 74896.0 (0.040, 20.1, 0.709), neg: 179 (%0.010:%0.05), avgs: 64
234: dt: 338.82, sse: 74726.7 (0.040, 20.1, 0.708), neg: 199 (%0.010:%0.05), avgs: 64
235: dt: 195.81, sse: 74531.2 (0.040, 20.1, 0.707), neg: 114 (%0.006:%0.03), avgs: 64
236: dt: 470.49, sse: 74300.8 (0.040, 20.1, 0.705), neg: 171 (%0.009:%0.04), avgs: 64
237: dt: 164.49, sse: 74128.7 (0.040, 20.0, 0.705), neg: 183 (%0.012:%0.05), avgs: 64
238: dt: 158.94, sse: 74015.6 (0.039, 20.0, 0.704), neg: 110 (%0.005:%0.03), avgs: 64
239: dt: 808.35, sse: 73721.7 (0.041, 20.1, 0.702), neg: 534 (%0.103:%0.14), avgs: 64
240: dt: 33.57, sse: 73535.7 (0.039, 20.0, 0.702), neg: 126 (%0.007:%0.04), avgs: 64
241: dt: 228.69, sse: 73410.9 (0.039, 20.0, 0.701), neg: 129 (%0.007:%0.04), avgs: 64
242: dt: 152.13, sse: 73328.4 (0.039, 20.0, 0.701), neg: 126 (%0.006:%0.04), avgs: 64
243: dt: 333.63, sse: 71002.8 (0.041, 20.0, 0.688), neg: 695 (%0.185:%0.18), avgs: 16
244: dt: 8.07, sse: 70575.2 (0.036, 19.8, 0.686), neg: 165 (%0.011:%0.05), avgs: 16
245: dt: 54.79, sse: 70194.8 (0.036, 19.6, 0.684), neg: 194 (%0.019:%0.05), avgs: 16
246: dt: 26.78, sse: 69999.2 (0.035, 19.6, 0.684), neg: 138 (%0.011:%0.04), avgs: 16
247: dt: 34.88, sse: 69818.3 (0.034, 19.6, 0.683), neg: 121 (%0.008:%0.04), avgs: 16
248: dt: 38.22, sse: 69636.6 (0.033, 19.6, 0.682), neg: 96 (%0.006:%0.03), avgs: 16
249: dt: 45.99, sse: 69443.9 (0.033, 19.6, 0.681), neg: 96 (%0.007:%0.03), avgs: 16
250: dt: 44.89, sse: 69269.5 (0.032, 19.5, 0.680), neg: 97 (%0.007:%0.03), avgs: 16
251: dt: 50.22, sse: 69094.2 (0.032, 19.5, 0.679), neg: 91 (%0.006:%0.03), avgs: 16
252: dt: 59.87, sse: 68906.7 (0.031, 19.5, 0.678), neg: 85 (%0.006:%0.03), avgs: 16
253: dt: 58.67, sse: 68732.1 (0.031, 19.5, 0.677), neg: 122 (%0.007:%0.04), avgs: 16
254: dt: 40.54, sse: 68614.7 (0.031, 19.5, 0.676), neg: 110 (%0.007:%0.03), avgs: 16
255: dt: 42.67, sse: 68508.7 (0.031, 19.5, 0.676), neg: 164 (%0.018:%0.04), avgs: 16
256: dt: 28.71, sse: 68437.9 (0.031, 19.5, 0.675), neg: 142 (%0.013:%0.04), avgs: 16
257: dt: 28.31, sse: 68360.3 (0.030, 19.5, 0.675), neg: 113 (%0.008:%0.03), avgs: 16
258: dt: 32.80, sse: 68276.4 (0.030, 19.4, 0.675), neg: 78 (%0.004:%0.03), avgs: 16
259: dt: 52.22, sse: 68176.8 (0.030, 19.4, 0.674), neg: 70 (%0.003:%0.02), avgs: 16
260: dt: 56.19, sse: 68071.1 (0.029, 19.4, 0.673), neg: 97 (%0.005:%0.03), avgs: 16
261: dt: 46.59, sse: 67982.1 (0.029, 19.4, 0.673), neg: 112 (%0.010:%0.03), avgs: 16
262: dt: 11.00, sse: 67936.7 (0.029, 19.4, 0.673), neg: 52 (%0.003:%0.02), avgs: 16
263: dt: 215.44, sse: 67734.6 (0.031, 19.5, 0.671), neg: 321 (%0.079:%0.08), avgs: 16
264: dt: 8.14, sse: 67623.1 (0.029, 19.4, 0.671), neg: 65 (%0.003:%0.02), avgs: 16
265: dt: 110.16, sse: 67465.3 (0.029, 19.4, 0.670), neg: 202 (%0.025:%0.05), avgs: 16
266: dt: 21.45, sse: 67382.0 (0.028, 19.3, 0.670), neg: 70 (%0.004:%0.02), avgs: 16
267: dt: 85.12, sse: 67295.8 (0.028, 19.4, 0.669), neg: 114 (%0.011:%0.03), avgs: 16
268: dt: 11.43, sse: 67258.4 (0.028, 19.3, 0.669), neg: 53 (%0.004:%0.02), avgs: 16
269: dt: 72.75, sse: 66928.0 (0.030, 19.3, 0.667), neg: 280 (%0.056:%0.07), avgs: 4
270: dt: 3.27, sse: 66825.2 (0.027, 19.2, 0.667), neg: 97 (%0.017:%0.03), avgs: 4
271: dt: 5.15, sse: 66760.0 (0.026, 19.2, 0.667), neg: 71 (%0.011:%0.02), avgs: 4
272: dt: 9.48, sse: 66689.4 (0.026, 19.2, 0.666), neg: 64 (%0.013:%0.02), avgs: 4
273: dt: 5.91, sse: 66641.5 (0.025, 19.2, 0.666), neg: 63 (%0.012:%0.01), avgs: 4
274: dt: 6.24, sse: 66594.7 (0.025, 19.2, 0.666), neg: 61 (%0.010:%0.01), avgs: 4
275: dt: 8.08, sse: 66542.8 (0.024, 19.2, 0.665), neg: 53 (%0.008:%0.01), avgs: 4
276: dt: 8.02, sse: 66495.2 (0.024, 19.2, 0.665), neg: 47 (%0.010:%0.01), avgs: 4
277: dt: 6.52, sse: 66452.6 (0.024, 19.2, 0.665), neg: 44 (%0.009:%0.01), avgs: 4
278: dt: 6.49, sse: 66411.5 (0.024, 19.2, 0.665), neg: 44 (%0.007:%0.01), avgs: 4
279: dt: 7.16, sse: 66371.0 (0.024, 19.2, 0.664), neg: 44 (%0.007:%0.02), avgs: 4
280: dt: 7.32, sse: 66330.4 (0.024, 19.2, 0.664), neg: 36 (%0.006:%0.01), avgs: 4
281: dt: 8.21, sse: 66286.4 (0.023, 19.2, 0.664), neg: 39 (%0.005:%0.01), avgs: 4
282: dt: 9.53, sse: 66240.3 (0.023, 19.2, 0.664), neg: 37 (%0.005:%0.01), avgs: 4
283: dt: 9.73, sse: 66193.0 (0.023, 19.2, 0.664), neg: 30 (%0.005:%0.01), avgs: 4
284: dt: 11.92, sse: 66144.8 (0.023, 19.2, 0.663), neg: 36 (%0.006:%0.01), avgs: 4
285: dt: 9.53, sse: 66099.4 (0.023, 19.1, 0.663), neg: 34 (%0.004:%0.01), avgs: 4
286: dt: 13.94, sse: 66041.5 (0.023, 19.1, 0.663), neg: 34 (%0.004:%0.01), avgs: 4
287: dt: 14.35, sse: 65987.6 (0.023, 19.1, 0.662), neg: 33 (%0.005:%0.01), avgs: 4
288: dt: 12.68, sse: 65937.8 (0.022, 19.1, 0.662), neg: 30 (%0.004:%0.01), avgs: 4
289: dt: 14.00, sse: 65886.1 (0.022, 19.1, 0.662), neg: 29 (%0.004:%0.01), avgs: 4
290: dt: 15.20, sse: 65834.9 (0.022, 19.1, 0.662), neg: 32 (%0.004:%0.01), avgs: 4
291: dt: 14.13, sse: 65786.5 (0.022, 19.1, 0.661), neg: 29 (%0.004:%0.01), avgs: 4
292: dt: 15.11, sse: 65737.8 (0.022, 19.1, 0.661), neg: 32 (%0.004:%0.01), avgs: 4
293: dt: 16.33, sse: 65690.9 (0.022, 19.1, 0.661), neg: 28 (%0.004:%0.01), avgs: 4
294: dt: 15.41, sse: 65646.1 (0.022, 19.1, 0.661), neg: 26 (%0.004:%0.01), avgs: 4
295: dt: 18.40, sse: 65600.4 (0.022, 19.1, 0.660), neg: 28 (%0.005:%0.01), avgs: 4
296: dt: 15.11, sse: 65557.2 (0.021, 19.1, 0.660), neg: 28 (%0.003:%0.01), avgs: 4
297: dt: 15.65, sse: 65510.0 (0.021, 19.1, 0.660), neg: 18 (%0.001:%0.01), avgs: 4
298: dt: 17.78, sse: 65468.9 (0.022, 19.0, 0.660), neg: 45 (%0.004:%0.01), avgs: 4
299: dt: 2.31, sse: 65452.1 (0.022, 19.0, 0.660), neg: 47 (%0.006:%0.01), avgs: 1
300: dt: 0.55, sse: 65444.9 (0.021, 19.0, 0.660), neg: 16 (%0.001:%0.00), avgs: 1
301: dt: 1.02, sse: 65432.8 (0.021, 19.0, 0.659), neg: 35 (%0.007:%0.01), avgs: 0
302: dt: 0.27, sse: 65424.7 (0.021, 19.0, 0.659), neg: 14 (%0.002:%0.00), avgs: 0
nlarea/dist = 10.000
303: dt: 5729.35, sse: 523734.5 (0.041, 16.9, 0.607), neg: 166 (%0.027:%0.06), avgs: 1024
304: dt: 2750.12, sse: 469300.4 (0.028, 17.4, 0.575), neg: 92 (%0.009:%0.03), avgs: 1024
305: dt: 2965.49, sse: 439671.8 (0.030, 16.8, 0.556), neg: 101 (%0.014:%0.03), avgs: 1024
306: dt: 3087.99, sse: 414822.4 (0.028, 16.7, 0.540), neg: 115 (%0.013:%0.04), avgs: 1024
307: dt: 2708.54, sse: 395053.8 (0.028, 16.3, 0.527), neg: 113 (%0.016:%0.04), avgs: 1024
308: dt: 3243.78, sse: 377901.0 (0.028, 16.3, 0.515), neg: 128 (%0.015:%0.04), avgs: 1024
309: dt: 2616.49, sse: 363479.6 (0.028, 15.9, 0.505), neg: 121 (%0.017:%0.04), avgs: 1024
310: dt: 3334.57, sse: 351165.8 (0.028, 15.9, 0.496), neg: 129 (%0.017:%0.04), avgs: 1024
311: dt: 2536.36, sse: 340377.4 (0.028, 15.6, 0.488), neg: 128 (%0.018:%0.04), avgs: 1024
312: dt: 3343.84, sse: 331327.8 (0.028, 15.6, 0.482), neg: 131 (%0.018:%0.04), avgs: 1024
313: dt: 2508.93, sse: 323218.0 (0.028, 15.4, 0.476), neg: 134 (%0.019:%0.05), avgs: 1024
314: dt: 3152.92, sse: 316492.2 (0.028, 15.3, 0.470), neg: 131 (%0.019:%0.04), avgs: 1024
315: dt: 2880.00, sse: 310498.7 (0.028, 15.1, 0.466), neg: 138 (%0.020:%0.05), avgs: 1024
316: dt: 2312.26, sse: 305329.3 (0.028, 15.1, 0.462), neg: 136 (%0.019:%0.05), avgs: 1024
317: dt: 3756.19, sse: 300297.4 (0.029, 14.9, 0.458), neg: 140 (%0.020:%0.05), avgs: 1024
318: dt: 2060.14, sse: 296111.9 (0.028, 14.9, 0.455), neg: 139 (%0.020:%0.05), avgs: 1024
319: dt: 4598.75, sse: 291760.0 (0.029, 14.8, 0.451), neg: 142 (%0.021:%0.05), avgs: 1024
320: dt: 1866.38, sse: 288201.8 (0.028, 14.7, 0.449), neg: 144 (%0.021:%0.05), avgs: 1024
321: dt: 5735.39, sse: 284351.5 (0.029, 14.6, 0.445), neg: 148 (%0.021:%0.05), avgs: 1024
322: dt: 1718.72, sse: 281284.8 (0.028, 14.6, 0.443), neg: 146 (%0.021:%0.05), avgs: 1024
323: dt: 7658.50, sse: 277734.3 (0.029, 14.5, 0.440), neg: 148 (%0.022:%0.05), avgs: 1024
324: dt: 1600.82, sse: 275036.5 (0.028, 14.4, 0.438), neg: 148 (%0.022:%0.05), avgs: 1024
325: dt: 11045.39, sse: 271695.3 (0.029, 14.4, 0.435), neg: 156 (%0.022:%0.05), avgs: 1024
326: dt: 1510.06, sse: 269359.3 (0.029, 14.3, 0.433), neg: 157 (%0.022:%0.05), avgs: 1024
327: dt: 17401.19, sse: 266325.0 (0.030, 14.3, 0.431), neg: 163 (%0.023:%0.06), avgs: 1024
328: dt: 1439.89, sse: 264553.2 (0.029, 14.3, 0.429), neg: 164 (%0.024:%0.06), avgs: 1024
329: dt: 26972.25, sse: 262201.5 (0.029, 14.3, 0.427), neg: 168 (%0.025:%0.06), avgs: 1024
330: dt: 1342.39, sse: 261688.7 (0.029, 14.3, 0.427), neg: 169 (%0.025:%0.06), avgs: 1024
331: dt: 1187.23, sse: 255977.2 (0.030, 14.0, 0.422), neg: 167 (%0.026:%0.06), avgs: 256
332: dt: 862.59, sse: 254263.6 (0.030, 14.0, 0.421), neg: 183 (%0.025:%0.06), avgs: 256
333: dt: 876.03, sse: 253484.9 (0.030, 14.0, 0.420), neg: 169 (%0.026:%0.06), avgs: 256
334: dt: 490.67, sse: 253063.5 (0.030, 14.0, 0.420), neg: 182 (%0.026:%0.06), avgs: 256
335: dt: 278.18, sse: 248189.9 (0.031, 13.7, 0.416), neg: 149 (%0.019:%0.05), avgs: 64
336: dt: 186.07, sse: 246255.7 (0.030, 13.8, 0.414), neg: 202 (%0.029:%0.07), avgs: 64
337: dt: 110.61, sse: 245993.6 (0.030, 13.8, 0.414), neg: 181 (%0.024:%0.07), avgs: 64
338: dt: 111.61, sse: 242635.2 (0.031, 13.6, 0.411), neg: 134 (%0.026:%0.05), avgs: 16
339: dt: 36.05, sse: 241455.7 (0.031, 13.6, 0.410), neg: 143 (%0.022:%0.05), avgs: 16
340: dt: 44.37, sse: 240928.8 (0.031, 13.6, 0.409), neg: 151 (%0.023:%0.05), avgs: 16
341: dt: 31.62, sse: 240518.5 (0.030, 13.5, 0.409), neg: 144 (%0.019:%0.05), avgs: 16
342: dt: 158.72, sse: 239727.5 (0.031, 13.6, 0.408), neg: 183 (%0.044:%0.07), avgs: 16
343: dt: 8.91, sse: 239404.4 (0.031, 13.6, 0.408), neg: 149 (%0.025:%0.05), avgs: 16
344: dt: 24.89, sse: 239110.5 (0.030, 13.5, 0.408), neg: 131 (%0.019:%0.05), avgs: 16
345: dt: 103.91, sse: 238856.4 (0.031, 13.5, 0.408), neg: 153 (%0.025:%0.06), avgs: 16
346: dt: 25.92, sse: 238650.4 (0.030, 13.5, 0.407), neg: 138 (%0.020:%0.05), avgs: 16
347: dt: 30.00, sse: 238464.1 (0.030, 13.5, 0.407), neg: 132 (%0.018:%0.05), avgs: 16
348: dt: 137.39, sse: 238198.6 (0.031, 13.5, 0.407), neg: 144 (%0.024:%0.05), avgs: 16
349: dt: 31.56, sse: 237978.4 (0.030, 13.5, 0.407), neg: 136 (%0.020:%0.05), avgs: 16
350: dt: 29.09, sse: 237908.7 (0.030, 13.5, 0.407), neg: 129 (%0.018:%0.05), avgs: 16
351: dt: 53.25, sse: 236270.8 (0.031, 13.4, 0.405), neg: 113 (%0.019:%0.04), avgs: 4
352: dt: 13.04, sse: 235605.4 (0.031, 13.3, 0.405), neg: 70 (%0.015:%0.02), avgs: 4
353: dt: 9.24, sse: 235105.6 (0.030, 13.2, 0.404), neg: 60 (%0.007:%0.02), avgs: 4
354: dt: 15.03, sse: 234660.8 (0.030, 13.2, 0.404), neg: 60 (%0.009:%0.02), avgs: 4
355: dt: 9.48, sse: 234357.0 (0.030, 13.2, 0.404), neg: 58 (%0.006:%0.02), avgs: 4
356: dt: 12.80, sse: 234117.1 (0.030, 13.2, 0.403), neg: 52 (%0.006:%0.02), avgs: 4
357: dt: 12.56, sse: 233844.9 (0.030, 13.2, 0.403), neg: 48 (%0.004:%0.02), avgs: 4
358: dt: 22.22, sse: 233505.0 (0.030, 13.1, 0.403), neg: 44 (%0.003:%0.02), avgs: 4
359: dt: 28.36, sse: 233105.9 (0.030, 13.1, 0.403), neg: 38 (%0.003:%0.01), avgs: 4
360: dt: 40.00, sse: 232694.2 (0.029, 13.1, 0.402), neg: 35 (%0.002:%0.01), avgs: 4
361: dt: 28.14, sse: 232358.1 (0.029, 13.1, 0.402), neg: 30 (%0.002:%0.01), avgs: 4
362: dt: 33.07, sse: 232047.6 (0.029, 13.0, 0.402), neg: 28 (%0.002:%0.01), avgs: 4
363: dt: 49.14, sse: 231778.5 (0.029, 13.0, 0.401), neg: 27 (%0.002:%0.01), avgs: 4
364: dt: 26.55, sse: 231541.8 (0.029, 13.0, 0.401), neg: 26 (%0.001:%0.01), avgs: 4
365: dt: 15.19, sse: 231430.8 (0.029, 13.0, 0.401), neg: 26 (%0.001:%0.01), avgs: 4
366: dt: 555.20, sse: 230088.8 (0.030, 12.9, 0.400), neg: 23 (%0.003:%0.01), avgs: 4
367: dt: 13.92, sse: 229523.2 (0.029, 12.9, 0.399), neg: 0 (%0.000:%0.00), avgs: 4
368: dt: 43.64, sse: 229362.5 (0.029, 12.9, 0.399), neg: 1 (%0.000:%0.00), avgs: 4
369: dt: 18.40, sse: 229310.2 (0.029, 12.8, 0.399), neg: 0 (%0.000:%0.00), avgs: 4
370: dt: 10.82, sse: 229155.8 (0.029, 12.8, 0.399), neg: 15 (%0.001:%0.00), avgs: 1
371: dt: 3.23, sse: 229142.4 (0.029, 12.8, 0.399), neg: 27 (%0.003:%0.01), avgs: 1
372: dt: 2.32, sse: 228892.1 (0.030, 12.8, 0.399), neg: 38 (%0.016:%0.01), avgs: 0
373: dt: 0.14, sse: 228853.5 (0.029, 12.8, 0.399), neg: 25 (%0.005:%0.01), avgs: 0
374: dt: 1.43, sse: 228749.5 (0.029, 12.8, 0.399), neg: 24 (%0.011:%0.01), avgs: 0
375: dt: 0.18, sse: 228713.0 (0.028, 12.7, 0.399), neg: 14 (%0.003:%0.00), avgs: 0
376: dt: 1.70, sse: 228614.9 (0.028, 12.7, 0.399), neg: 16 (%0.007:%0.00), avgs: 0
377: dt: 0.22, sse: 228584.8 (0.028, 12.7, 0.399), neg: 10 (%0.001:%0.00), avgs: 0
pass 0: epoch 1 of 3 starting distance error %11.43
tol=2.0e-01, sigma=0.0, host=unkno, nav=1024, nbrs=2, l_nlarea=1.000, l_dist=0.100
using quadratic fit line minimization

nlarea/dist = 10.000
378: dt: 4796.08, sse: 226511.0 (0.028, 12.5, 0.397), neg: 10 (%0.001:%0.00), avgs: 1024
379: dt: 2042.91, sse: 226116.3 (0.028, 12.5, 0.396), neg: 10 (%0.001:%0.00), avgs: 1024
380: dt: 1121.68, sse: 225936.6 (0.028, 12.5, 0.396), neg: 10 (%0.001:%0.00), avgs: 256
381: dt: 236.10, sse: 225840.4 (0.028, 12.5, 0.396), neg: 9 (%0.001:%0.00), avgs: 64
382: dt: 81.78, sse: 225794.1 (0.028, 12.5, 0.396), neg: 10 (%0.001:%0.00), avgs: 16
383: dt: 20.06, sse: 225763.2 (0.028, 12.5, 0.396), neg: 3 (%0.000:%0.00), avgs: 4
384: dt: 12.19, sse: 225712.3 (0.028, 12.5, 0.396), neg: 12 (%0.003:%0.00), avgs: 1
385: dt: 0.00, sse: 225712.3 (0.028, 12.5, 0.396), neg: 12 (%0.003:%0.00), avgs: 1
386: dt: 1.10, sse: 225661.3 (0.028, 12.5, 0.396), neg: 6 (%0.003:%0.00), avgs: 0
387: dt: 0.27, sse: 225644.1 (0.028, 12.5, 0.396), neg: 5 (%0.001:%0.00), avgs: 0
388: dt: 4.56, sse: 225508.2 (0.028, 12.5, 0.396), neg: 17 (%0.007:%0.00), avgs: 0
389: dt: 0.33, sse: 225480.6 (0.028, 12.5, 0.396), neg: 9 (%0.002:%0.00), avgs: 0
390: dt: 0.40, sse: 225463.5 (0.027, 12.5, 0.396), neg: 7 (%0.000:%0.00), avgs: 0
391: dt: 2.61, sse: 225420.6 (0.028, 12.5, 0.396), neg: 10 (%0.006:%0.00), avgs: 0
392: dt: 0.27, sse: 225396.5 (0.027, 12.5, 0.396), neg: 2 (%0.000:%0.00), avgs: 0
393: dt: 2.92, sse: 225361.3 (0.028, 12.5, 0.396), neg: 12 (%0.004:%0.00), avgs: 0
394: dt: 0.34, sse: 225344.8 (0.027, 12.5, 0.396), neg: 3 (%0.000:%0.00), avgs: 0
395: dt: 0.62, sse: 225334.5 (0.027, 12.5, 0.396), neg: 1 (%0.000:%0.00), avgs: 0
pass 0: epoch 2 of 3 starting distance error %11.28
tol=2.0e-01, sigma=0.0, host=unkno, nav=1024, nbrs=2, l_nlarea=1.000, l_dist=1.000
using quadratic fit line minimization

nlarea/dist = 1.000
396: dt: 299.57, sse: 2205213.8 (0.029, 12.3, 0.395), neg: 1 (%0.000:%0.00), avgs: 1024
397: dt: 99.20, sse: 2202758.2 (0.030, 12.2, 0.395), neg: 1 (%0.000:%0.00), avgs: 256
398: dt: 83.20, sse: 2200831.8 (0.029, 12.2, 0.395), neg: 1 (%0.000:%0.00), avgs: 256
399: dt: 22.50, sse: 2199725.0 (0.030, 12.2, 0.395), neg: 1 (%0.000:%0.00), avgs: 64
400: dt: 8.64, sse: 2199050.2 (0.030, 12.2, 0.395), neg: 0 (%0.000:%0.00), avgs: 16
401: dt: 2.71, sse: 2198940.2 (0.030, 12.2, 0.395), neg: 0 (%0.000:%0.00), avgs: 16
402: dt: 2.08, sse: 2198742.5 (0.030, 12.2, 0.395), neg: 0 (%0.000:%0.00), avgs: 4
403: dt: 1.60, sse: 2198554.0 (0.030, 12.2, 0.395), neg: 2 (%0.000:%0.00), avgs: 1
404: dt: 1.04, sse: 2197749.5 (0.030, 12.2, 0.395), neg: 0 (%0.000:%0.00), avgs: 0
405: dt: 0.51, sse: 2197722.2 (0.030, 12.2, 0.395), neg: 0 (%0.000:%0.00), avgs: 0
pass 0: epoch 3 of 3 starting distance error %11.22
tol=2.0e-01, sigma=0.0, host=unkno, nav=1024, nbrs=2, l_nlarea=0.100, l_dist=1.000
using quadratic fit line minimization

nlarea/dist = 0.100
406: dt: 935.38, sse: 2190742.5 (0.031, 12.1, 0.394), neg: 0 (%0.000:%0.00), avgs: 1024
407: dt: 128.00, sse: 2189931.5 (0.031, 12.1, 0.394), neg: 0 (%0.000:%0.00), avgs: 256
408: dt: 25.26, sse: 2189515.8 (0.031, 12.1, 0.394), neg: 0 (%0.000:%0.00), avgs: 64
409: dt: 3.62, sse: 2189436.8 (0.031, 12.1, 0.394), neg: 0 (%0.000:%0.00), avgs: 16
410: dt: 3.48, sse: 2189377.2 (0.031, 12.1, 0.394), neg: 0 (%0.000:%0.00), avgs: 4
411: dt: 2.30, sse: 2189341.8 (0.031, 12.1, 0.394), neg: 0 (%0.000:%0.00), avgs: 1
412: dt: 0.00, sse: 2189341.8 (0.031, 12.1, 0.394), neg: 0 (%0.000:%0.00), avgs: 0
starting distance error %11.23
smoothing final surface...
413: dt: 0.50, sse: 650086.8 (0.031, 12.0, 0.394), neg: 0 (%0.000:%0.00), avgs: 0
414: dt: 0.50, sse: 649848.7 (0.031, 12.0, 0.394), neg: 0 (%0.000:%0.00), avgs: 0
415: dt: 0.50, sse: 649740.8 (0.031, 12.0, 0.395), neg: 0 (%0.000:%0.00), avgs: 0
416: dt: 0.50, sse: 649705.2 (0.031, 12.0, 0.395), neg: 0 (%0.000:%0.00), avgs: 0
417: dt: 0.50, sse: 649723.2 (0.031, 12.0, 0.395), neg: 0 (%0.000:%0.00), avgs: 0
unfolding took 3.79 hours
417: dt: 0.00, sse: 649723.2 (0.031, 12.0, 0.395), neg: 0 (%0.000:%0.00), avgs: 0
final distance error %11.25
