

############################
Wed Oct 17 20:25:25 EDT 2012
/mindhive/nklab/u/svnh/freesurfer/fsaverage/surf
/software/Freesurfer/emf-5.1.0/tktools/tksurfer.bin fsaverage rh inflated 
############################


############################
Thu Oct 18 18:02:01 EDT 2012
/mindhive/nklab/u/svnh/freesurfer/fsaverage/surf
/software/Freesurfer/emf-5.1.0/tktools/tksurfer.bin fsaverage lh inflated 
############################


############################
Thu Oct 18 18:05:48 EDT 2012
/mindhive/nklab/u/svnh/freesurfer/fsaverage/surf
/software/Freesurfer/emf-5.1.0/tktools/tksurfer.bin fsaverage lh inflated 
############################


############################
Thu Oct 18 19:38:57 EDT 2012
/mindhive/nklab/u/svnh/freesurfer/fsaverage/surf
/software/Freesurfer/emf-5.1.0/tktools/tksurfer.bin fsaverage lh inflated 
############################


############################
Tue Apr 29 14:10:54 EDT 2014
/mindhive/nklab/u/svnh/freesurfer/fsaverage/surf
/software/Freesurfer/5.3.0/tktools/tksurfer.bin fsaverage rh inflated 
############################


############################
Thu Aug 21 11:51:14 EDT 2014
/mindhive/nklab/u/svnh/freesurfer/fsaverage/surf
/software/Freesurfer/5.3.0/tktools/tksurfer.bin fsaverage rh inflated 
############################


############################
Thu Aug 21 11:51:47 EDT 2014
/mindhive/nklab/u/svnh/freesurfer/fsaverage/surf
/software/Freesurfer/5.3.0/tktools/tksurfer.bin fsaverage rh inflated 
############################


############################
Thu Aug 21 12:39:46 EDT 2014
/mindhive/nklab/u/svnh/freesurfer/fsaverage/surf
/software/Freesurfer/5.3.0/tktools/tksurfer.bin fsaverage lh inflated 
############################


############################
Thu Aug 21 12:40:23 EDT 2014
/mindhive/nklab/u/svnh/freesurfer/fsaverage/surf
/software/Freesurfer/5.3.0/tktools/tksurfer.bin fsaverage rh inflated 
############################


############################
Thu Aug 21 12:52:33 EDT 2014
/mindhive/nklab/u/svnh/freesurfer/fsaverage/surf
/software/Freesurfer/5.3.0/tktools/tksurfer.bin fsaverage rh inflated 
############################


############################
Thu Aug 21 14:19:31 EDT 2014
/mindhive/nklab/u/svnh/freesurfer/fsaverage/surf
/software/Freesurfer/5.3.0/tktools/tksurfer.bin pitch_localizer_monkey_us170 rh inflated 
############################


############################
Thu Aug 21 14:20:57 EDT 2014
/mindhive/nklab/u/svnh/freesurfer/fsaverage/surf
/software/Freesurfer/5.3.0/tktools/tksurfer.bin pitch_localizer_monkey_us170 lh inflated 
############################


############################
Thu Aug 21 14:25:26 EDT 2014
/mindhive/nklab/u/svnh/freesurfer/fsaverage/surf
/software/Freesurfer/5.3.0/tktools/tksurfer.bin fsaverage rh inflated 
############################


############################
Thu Aug 21 14:25:32 EDT 2014
/mindhive/nklab/u/svnh/freesurfer/fsaverage/surf
/software/Freesurfer/5.3.0/tktools/tksurfer.bin fsaverage lh inflated 
############################


############################
Thu Aug 21 14:45:28 EDT 2014
/mindhive/nklab/u/svnh/freesurfer/fsaverage/surf
/software/Freesurfer/5.3.0/tktools/tksurfer.bin fsaverage lh inflated 
############################


############################
Fri May  5 13:08:02 EDT 2017
/mindhive/mcdermott/u/dlboe/freesurfer/myfsaverage/surf
/software/Freesurfer/5.3.0/tktools/tksurfer.bin myfsaverage lh inflated 
############################
